InnoDB: using atomic writes.
2021-02-19 14:12:40 0 [Note] InnoDB: Mutexes and rw_locks use Windows interlocked functions
2021-02-19 14:12:40 0 [Note] InnoDB: Uses event mutexes
2021-02-19 14:12:40 0 [Note] InnoDB: Compressed tables use zlib 1.2.11
2021-02-19 14:12:40 0 [Note] InnoDB: Number of pools: 1
2021-02-19 14:12:40 0 [Note] InnoDB: Using SSE2 crc32 instructions
2021-02-19 14:12:40 0 [Note] InnoDB: Initializing buffer pool, total size = 16M, instances = 1, chunk size = 16M
2021-02-19 14:12:40 0 [Note] InnoDB: Completed initialization of buffer pool
2021-02-19 14:12:40 0 [Note] InnoDB: Starting crash recovery from checkpoint LSN=300288
2021-02-19 14:12:40 0 [Note] InnoDB: 128 out of 128 rollback segments are active.
2021-02-19 14:12:40 0 [Note] InnoDB: Removed temporary tablespace data file: "ibtmp1"
2021-02-19 14:12:40 0 [Note] InnoDB: Creating shared tablespace for temporary tables
2021-02-19 14:12:40 0 [Note] InnoDB: Setting file 'C:\xampp\mysql\data\ibtmp1' size to 12 MB. Physically writing the file full; Please wait ...
2021-02-19 14:12:40 0 [Note] InnoDB: File 'C:\xampp\mysql\data\ibtmp1' size is now 12 MB.
2021-02-19 14:12:40 0 [Note] InnoDB: Waiting for purge to start
2021-02-19 14:12:40 0 [Note] InnoDB: 10.4.17 started; log sequence number 300297; transaction id 170
2021-02-19 14:12:40 0 [Note] InnoDB: Loading buffer pool(s) from C:\xampp\mysql\data\ib_buffer_pool
2021-02-19 14:12:40 0 [Note] Plugin 'FEEDBACK' is disabled.
2021-02-19 14:12:40 0 [Note] InnoDB: Buffer pool(s) load completed at 210219 14:12:40
2021-02-19 14:12:40 0 [Note] Server socket created on IP: '::'.
2021-02-19 14:12:40 0 [ERROR] Can't start server: Bind on TCP/IP port. Got error: 10048: Обычно разрешается только одно использование адреса сокета (протокол/сетевой адрес/порт).

2021-02-19 14:12:40 0 [ERROR] Do you already have another mysqld server running on port: 3306 ?
2021-02-19 14:12:40 0 [ERROR] Aborting
InnoDB: using atomic writes.
2021-02-19 14:12:47 0 [Note] InnoDB: Mutexes and rw_locks use Windows interlocked functions
2021-02-19 14:12:47 0 [Note] InnoDB: Uses event mutexes
2021-02-19 14:12:47 0 [Note] InnoDB: Compressed tables use zlib 1.2.11
2021-02-19 14:12:47 0 [Note] InnoDB: Number of pools: 1
2021-02-19 14:12:47 0 [Note] InnoDB: Using SSE2 crc32 instructions
2021-02-19 14:12:47 0 [Note] InnoDB: Initializing buffer pool, total size = 16M, instances = 1, chunk size = 16M
2021-02-19 14:12:47 0 [Note] InnoDB: Completed initialization of buffer pool
2021-02-19 14:12:47 0 [Note] InnoDB: 128 out of 128 rollback segments are active.
2021-02-19 14:12:47 0 [Note] InnoDB: Creating shared tablespace for temporary tables
2021-02-19 14:12:47 0 [Note] InnoDB: Setting file 'C:\xampp\mysql\data\ibtmp1' size to 12 MB. Physically writing the file full; Please wait ...
2021-02-19 14:12:47 0 [Note] InnoDB: File 'C:\xampp\mysql\data\ibtmp1' size is now 12 MB.
2021-02-19 14:12:47 0 [Note] InnoDB: Waiting for purge to start
2021-02-19 14:12:47 0 [Note] InnoDB: 10.4.17 started; log sequence number 300306; transaction id 170
2021-02-19 14:12:47 0 [Note] InnoDB: Loading buffer pool(s) from C:\xampp\mysql\data\ib_buffer_pool
2021-02-19 14:12:47 0 [Note] Plugin 'FEEDBACK' is disabled.
2021-02-19 14:12:47 0 [Note] Server socket created on IP: '::'.
2021-02-19 14:12:47 0 [ERROR] Can't start server: Bind on TCP/IP port. Got error: 10048: Обычно разрешается только одно использование адреса сокета (протокол/сетевой адрес/порт).

2021-02-19 14:12:47 0 [Note] InnoDB: Buffer pool(s) load completed at 210219 14:12:47
2021-02-19 14:12:47 0 [ERROR] Do you already have another mysqld server running on port: 3306 ?
2021-02-19 14:12:47 0 [ERROR] Aborting
InnoDB: using atomic writes.
2021-02-19 14:15:51 0 [Note] InnoDB: Mutexes and rw_locks use Windows interlocked functions
2021-02-19 14:15:51 0 [Note] InnoDB: Uses event mutexes
2021-02-19 14:15:51 0 [Note] InnoDB: Compressed tables use zlib 1.2.11
2021-02-19 14:15:51 0 [Note] InnoDB: Number of pools: 1
2021-02-19 14:15:51 0 [Note] InnoDB: Using SSE2 crc32 instructions
2021-02-19 14:15:51 0 [Note] InnoDB: Initializing buffer pool, total size = 16M, instances = 1, chunk size = 16M
2021-02-19 14:15:51 0 [Note] InnoDB: Completed initialization of buffer pool
2021-02-19 14:15:51 0 [Note] InnoDB: 128 out of 128 rollback segments are active.
2021-02-19 14:15:51 0 [Note] InnoDB: Creating shared tablespace for temporary tables
2021-02-19 14:15:51 0 [Note] InnoDB: Setting file 'C:\xampp\mysql\data\ibtmp1' size to 12 MB. Physically writing the file full; Please wait ...
2021-02-19 14:15:51 0 [Note] InnoDB: File 'C:\xampp\mysql\data\ibtmp1' size is now 12 MB.
2021-02-19 14:15:51 0 [Note] InnoDB: Waiting for purge to start
2021-02-19 14:15:51 0 [Note] InnoDB: 10.4.17 started; log sequence number 300315; transaction id 170
2021-02-19 14:15:51 0 [Note] InnoDB: Loading buffer pool(s) from C:\xampp\mysql\data\ib_buffer_pool
2021-02-19 14:15:51 0 [Note] Plugin 'FEEDBACK' is disabled.
2021-02-19 14:15:51 0 [Note] Server socket created on IP: '::'.
2021-02-19 14:15:51 0 [Note] InnoDB: Buffer pool(s) load completed at 210219 14:15:51
InnoDB: using atomic writes.
2021-02-19 14:17:31 0 [Note] InnoDB: Mutexes and rw_locks use Windows interlocked functions
2021-02-19 14:17:31 0 [Note] InnoDB: Uses event mutexes
2021-02-19 14:17:31 0 [Note] InnoDB: Compressed tables use zlib 1.2.11
2021-02-19 14:17:31 0 [Note] InnoDB: Number of pools: 1
2021-02-19 14:17:31 0 [Note] InnoDB: Using SSE2 crc32 instructions
2021-02-19 14:17:31 0 [Note] InnoDB: Initializing buffer pool, total size = 16M, instances = 1, chunk size = 16M
2021-02-19 14:17:31 0 [Note] InnoDB: Completed initialization of buffer pool
2021-02-19 14:17:31 0 [Note] InnoDB: Starting crash recovery from checkpoint LSN=300647
2021-02-19 14:17:31 0 [Note] InnoDB: 128 out of 128 rollback segments are active.
2021-02-19 14:17:31 0 [Note] InnoDB: Removed temporary tablespace data file: "ibtmp1"
2021-02-19 14:17:31 0 [Note] InnoDB: Creating shared tablespace for temporary tables
2021-02-19 14:17:31 0 [Note] InnoDB: Setting file 'C:\xampp\mysql\data\ibtmp1' size to 12 MB. Physically writing the file full; Please wait ...
2021-02-19 14:17:31 0 [Note] InnoDB: File 'C:\xampp\mysql\data\ibtmp1' size is now 12 MB.
2021-02-19 14:17:31 0 [Note] InnoDB: Waiting for purge to start
2021-02-19 14:17:31 0 [Note] InnoDB: 10.4.17 started; log sequence number 300656; transaction id 193
2021-02-19 14:17:31 0 [Note] InnoDB: Loading buffer pool(s) from C:\xampp\mysql\data\ib_buffer_pool
2021-02-19 14:17:31 0 [Note] Plugin 'FEEDBACK' is disabled.
2021-02-19 14:17:31 0 [Note] Server socket created on IP: '::'.
2021-02-19 14:17:31 0 [Note] InnoDB: Buffer pool(s) load completed at 210219 14:17:31
InnoDB: using atomic writes.
2021-02-19 14:55:39 0 [Note] InnoDB: Mutexes and rw_locks use Windows interlocked functions
2021-02-19 14:55:39 0 [Note] InnoDB: Uses event mutexes
2021-02-19 14:55:39 0 [Note] InnoDB: Compressed tables use zlib 1.2.11
2021-02-19 14:55:39 0 [Note] InnoDB: Number of pools: 1
2021-02-19 14:55:39 0 [Note] InnoDB: Using SSE2 crc32 instructions
2021-02-19 14:55:39 0 [Note] InnoDB: Initializing buffer pool, total size = 16M, instances = 1, chunk size = 16M
2021-02-19 14:55:39 0 [Note] InnoDB: Completed initialization of buffer pool
2021-02-19 14:55:39 0 [Note] InnoDB: Starting crash recovery from checkpoint LSN=312562
2021-02-19 14:55:39 0 [Note] InnoDB: 128 out of 128 rollback segments are active.
2021-02-19 14:55:39 0 [Note] InnoDB: Removed temporary tablespace data file: "ibtmp1"
2021-02-19 14:55:39 0 [Note] InnoDB: Creating shared tablespace for temporary tables
2021-02-19 14:55:39 0 [Note] InnoDB: Setting file 'C:\xampp\mysql\data\ibtmp1' size to 12 MB. Physically writing the file full; Please wait ...
2021-02-19 14:55:39 0 [Note] InnoDB: File 'C:\xampp\mysql\data\ibtmp1' size is now 12 MB.
2021-02-19 14:55:39 0 [Note] InnoDB: Waiting for purge to start
2021-02-19 14:55:39 0 [Note] InnoDB: 10.4.17 started; log sequence number 312571; transaction id 253
2021-02-19 14:55:39 0 [Note] InnoDB: Loading buffer pool(s) from C:\xampp\mysql\data\ib_buffer_pool
2021-02-19 14:55:39 0 [Note] Plugin 'FEEDBACK' is disabled.
2021-02-19 14:55:39 0 [Note] Server socket created on IP: '::'.
2021-02-19 14:55:39 0 [Note] InnoDB: Buffer pool(s) load completed at 210219 14:55:39
InnoDB: using atomic writes.
2021-02-19 14:57:59 0 [Note] InnoDB: Mutexes and rw_locks use Windows interlocked functions
2021-02-19 14:57:59 0 [Note] InnoDB: Uses event mutexes
2021-02-19 14:57:59 0 [Note] InnoDB: Compressed tables use zlib 1.2.11
2021-02-19 14:57:59 0 [Note] InnoDB: Number of pools: 1
2021-02-19 14:57:59 0 [Note] InnoDB: Using SSE2 crc32 instructions
2021-02-19 14:57:59 0 [Note] InnoDB: Initializing buffer pool, total size = 16M, instances = 1, chunk size = 16M
2021-02-19 14:57:59 0 [Note] InnoDB: Completed initialization of buffer pool
2021-02-19 14:57:59 0 [Note] InnoDB: Starting crash recovery from checkpoint LSN=312580
2021-02-19 14:57:59 0 [Note] InnoDB: 128 out of 128 rollback segments are active.
2021-02-19 14:57:59 0 [Note] InnoDB: Removed temporary tablespace data file: "ibtmp1"
2021-02-19 14:57:59 0 [Note] InnoDB: Creating shared tablespace for temporary tables
2021-02-19 14:57:59 0 [Note] InnoDB: Setting file 'C:\xampp\mysql\data\ibtmp1' size to 12 MB. Physically writing the file full; Please wait ...
2021-02-19 14:57:59 0 [Note] InnoDB: File 'C:\xampp\mysql\data\ibtmp1' size is now 12 MB.
2021-02-19 14:57:59 0 [Note] InnoDB: Waiting for purge to start
2021-02-19 14:58:00 0 [Note] InnoDB: 10.4.17 started; log sequence number 312589; transaction id 253
2021-02-19 14:58:00 0 [Note] InnoDB: Loading buffer pool(s) from C:\xampp\mysql\data\ib_buffer_pool
2021-02-19 14:58:00 0 [Note] Plugin 'FEEDBACK' is disabled.
2021-02-19 14:58:00 0 [ERROR] c:\xampp\mysql\bin\mysqld.exe: unknown variable 'master-user=root'
2021-02-19 14:58:00 0 [ERROR] Aborting
InnoDB: using atomic writes.
2021-02-19 14:59:19 0 [Note] InnoDB: Mutexes and rw_locks use Windows interlocked functions
2021-02-19 14:59:19 0 [Note] InnoDB: Uses event mutexes
2021-02-19 14:59:19 0 [Note] InnoDB: Compressed tables use zlib 1.2.11
2021-02-19 14:59:19 0 [Note] InnoDB: Number of pools: 1
2021-02-19 14:59:19 0 [Note] InnoDB: Using SSE2 crc32 instructions
2021-02-19 14:59:19 0 [Note] InnoDB: Initializing buffer pool, total size = 16M, instances = 1, chunk size = 16M
2021-02-19 14:59:19 0 [Note] InnoDB: Completed initialization of buffer pool
2021-02-19 14:59:19 0 [Note] InnoDB: 128 out of 128 rollback segments are active.
2021-02-19 14:59:19 0 [Note] InnoDB: Creating shared tablespace for temporary tables
2021-02-19 14:59:19 0 [Note] InnoDB: Setting file 'C:\xampp\mysql\data\ibtmp1' size to 12 MB. Physically writing the file full; Please wait ...
2021-02-19 14:59:19 0 [Note] InnoDB: File 'C:\xampp\mysql\data\ibtmp1' size is now 12 MB.
2021-02-19 14:59:19 0 [Note] InnoDB: Waiting for purge to start
2021-02-19 14:59:19 0 [Note] InnoDB: 10.4.17 started; log sequence number 312598; transaction id 253
2021-02-19 14:59:19 0 [Note] InnoDB: Loading buffer pool(s) from C:\xampp\mysql\data\ib_buffer_pool
2021-02-19 14:59:19 0 [Note] Plugin 'FEEDBACK' is disabled.
2021-02-19 14:59:19 0 [Note] Server socket created on IP: '::'.
2021-02-19 14:59:19 0 [Note] InnoDB: Buffer pool(s) load completed at 210219 14:59:19
InnoDB: using atomic writes.
2021-02-19 15:00:23 0 [Note] InnoDB: Mutexes and rw_locks use Windows interlocked functions
2021-02-19 15:00:23 0 [Note] InnoDB: Uses event mutexes
2021-02-19 15:00:23 0 [Note] InnoDB: Compressed tables use zlib 1.2.11
2021-02-19 15:00:23 0 [Note] InnoDB: Number of pools: 1
2021-02-19 15:00:23 0 [Note] InnoDB: Using SSE2 crc32 instructions
2021-02-19 15:00:23 0 [Note] InnoDB: Initializing buffer pool, total size = 16M, instances = 1, chunk size = 16M
2021-02-19 15:00:23 0 [Note] InnoDB: Completed initialization of buffer pool
2021-02-19 15:00:23 0 [Note] InnoDB: Starting crash recovery from checkpoint LSN=312598
2021-02-19 15:00:24 0 [Note] InnoDB: 128 out of 128 rollback segments are active.
2021-02-19 15:00:24 0 [Note] InnoDB: Removed temporary tablespace data file: "ibtmp1"
2021-02-19 15:00:24 0 [Note] InnoDB: Creating shared tablespace for temporary tables
2021-02-19 15:00:24 0 [Note] InnoDB: Setting file 'C:\xampp\mysql\data\ibtmp1' size to 12 MB. Physically writing the file full; Please wait ...
2021-02-19 15:00:24 0 [Note] InnoDB: File 'C:\xampp\mysql\data\ibtmp1' size is now 12 MB.
2021-02-19 15:00:24 0 [Note] InnoDB: Waiting for purge to start
2021-02-19 15:00:24 0 [Note] InnoDB: 10.4.17 started; log sequence number 312607; transaction id 253
2021-02-19 15:00:24 0 [Note] InnoDB: Loading buffer pool(s) from C:\xampp\mysql\data\ib_buffer_pool
2021-02-19 15:00:24 0 [Note] Plugin 'FEEDBACK' is disabled.
2021-02-19 15:00:24 0 [Note] Server socket created on IP: '::'.
2021-02-19 15:00:24 0 [Note] InnoDB: Buffer pool(s) load completed at 210219 15:00:24
2021-02-19 15:04:21 0 [Note] mysqld.exe: Aria engine: starting recovery
recovered pages: 0% 25% 100% (0.0 seconds); tables to flush: 1 0
 (0.0 seconds); 
2021-02-19 15:04:21 0 [Note] mysqld.exe: Aria engine: recovery done
InnoDB: using atomic writes.
2021-02-19 15:04:21 0 [Note] InnoDB: Mutexes and rw_locks use Windows interlocked functions
2021-02-19 15:04:21 0 [Note] InnoDB: Uses event mutexes
2021-02-19 15:04:21 0 [Note] InnoDB: Compressed tables use zlib 1.2.11
2021-02-19 15:04:21 0 [Note] InnoDB: Number of pools: 1
2021-02-19 15:04:21 0 [Note] InnoDB: Using SSE2 crc32 instructions
2021-02-19 15:04:21 0 [Note] InnoDB: Initializing buffer pool, total size = 16M, instances = 1, chunk size = 16M
2021-02-19 15:04:21 0 [Note] InnoDB: Completed initialization of buffer pool
2021-02-19 15:04:21 0 [Note] InnoDB: Starting crash recovery from checkpoint LSN=313323
2021-02-19 15:04:21 0 [Note] InnoDB: 128 out of 128 rollback segments are active.
2021-02-19 15:04:21 0 [Note] InnoDB: Removed temporary tablespace data file: "ibtmp1"
2021-02-19 15:04:21 0 [Note] InnoDB: Creating shared tablespace for temporary tables
2021-02-19 15:04:21 0 [Note] InnoDB: Setting file 'C:\xampp\mysql\data\ibtmp1' size to 12 MB. Physically writing the file full; Please wait ...
2021-02-19 15:04:21 0 [Note] InnoDB: File 'C:\xampp\mysql\data\ibtmp1' size is now 12 MB.
2021-02-19 15:04:21 0 [Note] InnoDB: Waiting for purge to start
2021-02-19 15:04:21 0 [Note] InnoDB: 10.4.17 started; log sequence number 313332; transaction id 266
2021-02-19 15:04:21 0 [Note] InnoDB: Loading buffer pool(s) from C:\xampp\mysql\data\ib_buffer_pool
2021-02-19 15:04:21 0 [Note] Plugin 'FEEDBACK' is disabled.
2021-02-19 15:04:21 0 [Note] Server socket created on IP: '::'.
2021-02-19 15:04:21 0 [Note] InnoDB: Buffer pool(s) load completed at 210219 15:04:21
InnoDB: using atomic writes.
2021-02-20  0:30:27 0 [Note] InnoDB: Mutexes and rw_locks use Windows interlocked functions
2021-02-20  0:30:27 0 [Note] InnoDB: Uses event mutexes
2021-02-20  0:30:27 0 [Note] InnoDB: Compressed tables use zlib 1.2.11
2021-02-20  0:30:27 0 [Note] InnoDB: Number of pools: 1
2021-02-20  0:30:27 0 [Note] InnoDB: Using SSE2 crc32 instructions
2021-02-20  0:30:27 0 [Note] InnoDB: Initializing buffer pool, total size = 16M, instances = 1, chunk size = 16M
2021-02-20  0:30:27 0 [Note] InnoDB: Completed initialization of buffer pool
2021-02-20  0:30:27 0 [Note] InnoDB: Starting crash recovery from checkpoint LSN=369370
2021-02-20  0:30:27 0 [Note] InnoDB: 128 out of 128 rollback segments are active.
2021-02-20  0:30:27 0 [Note] InnoDB: Removed temporary tablespace data file: "ibtmp1"
2021-02-20  0:30:27 0 [Note] InnoDB: Creating shared tablespace for temporary tables
2021-02-20  0:30:27 0 [Note] InnoDB: Setting file 'C:\xampp\mysql\data\ibtmp1' size to 12 MB. Physically writing the file full; Please wait ...
2021-02-20  0:30:27 0 [Note] InnoDB: File 'C:\xampp\mysql\data\ibtmp1' size is now 12 MB.
2021-02-20  0:30:27 0 [Note] InnoDB: Waiting for purge to start
2021-02-20  0:30:27 0 [Note] InnoDB: 10.4.17 started; log sequence number 369379; transaction id 441
2021-02-20  0:30:27 0 [Note] InnoDB: Loading buffer pool(s) from C:\xampp\mysql\data\ib_buffer_pool
2021-02-20  0:30:27 0 [Note] Plugin 'FEEDBACK' is disabled.
2021-02-20  0:30:27 0 [Note] Server socket created on IP: '::'.
2021-02-20  0:30:27 0 [Note] InnoDB: Buffer pool(s) load completed at 210220  0:30:27
InnoDB: using atomic writes.
2021-02-20 13:53:57 0 [Note] InnoDB: Mutexes and rw_locks use Windows interlocked functions
2021-02-20 13:53:57 0 [Note] InnoDB: Uses event mutexes
2021-02-20 13:53:57 0 [Note] InnoDB: Compressed tables use zlib 1.2.11
2021-02-20 13:53:57 0 [Note] InnoDB: Number of pools: 1
2021-02-20 13:53:57 0 [Note] InnoDB: Using SSE2 crc32 instructions
2021-02-20 13:53:57 0 [Note] InnoDB: Initializing buffer pool, total size = 16M, instances = 1, chunk size = 16M
2021-02-20 13:53:57 0 [Note] InnoDB: Completed initialization of buffer pool
2021-02-20 13:53:57 0 [Note] InnoDB: Starting crash recovery from checkpoint LSN=369388
2021-02-20 13:53:58 0 [Note] InnoDB: 128 out of 128 rollback segments are active.
2021-02-20 13:53:58 0 [Note] InnoDB: Removed temporary tablespace data file: "ibtmp1"
2021-02-20 13:53:58 0 [Note] InnoDB: Creating shared tablespace for temporary tables
2021-02-20 13:53:58 0 [Note] InnoDB: Setting file 'C:\xampp\mysql\data\ibtmp1' size to 12 MB. Physically writing the file full; Please wait ...
2021-02-20 13:53:58 0 [Note] InnoDB: File 'C:\xampp\mysql\data\ibtmp1' size is now 12 MB.
2021-02-20 13:53:58 0 [Note] InnoDB: Waiting for purge to start
2021-02-20 13:53:58 0 [Note] InnoDB: 10.4.17 started; log sequence number 369397; transaction id 441
2021-02-20 13:53:58 0 [Note] InnoDB: Loading buffer pool(s) from C:\xampp\mysql\data\ib_buffer_pool
2021-02-20 13:53:58 0 [Note] Plugin 'FEEDBACK' is disabled.
2021-02-20 13:53:58 0 [Note] InnoDB: Buffer pool(s) load completed at 210220 13:53:58
2021-02-20 13:53:58 0 [Note] Server socket created on IP: '::'.
InnoDB: using atomic writes.
2021-02-20 14:27:58 0 [Note] InnoDB: Mutexes and rw_locks use Windows interlocked functions
2021-02-20 14:27:58 0 [Note] InnoDB: Uses event mutexes
2021-02-20 14:27:58 0 [Note] InnoDB: Compressed tables use zlib 1.2.11
2021-02-20 14:27:58 0 [Note] InnoDB: Number of pools: 1
2021-02-20 14:27:58 0 [Note] InnoDB: Using SSE2 crc32 instructions
2021-02-20 14:27:58 0 [Note] InnoDB: Initializing buffer pool, total size = 16M, instances = 1, chunk size = 16M
2021-02-20 14:27:58 0 [Note] InnoDB: Completed initialization of buffer pool
2021-02-20 14:27:58 0 [Note] InnoDB: Starting crash recovery from checkpoint LSN=386262
2021-02-20 14:27:58 0 [Note] InnoDB: 128 out of 128 rollback segments are active.
2021-02-20 14:27:58 0 [Note] InnoDB: Removed temporary tablespace data file: "ibtmp1"
2021-02-20 14:27:58 0 [Note] InnoDB: Creating shared tablespace for temporary tables
2021-02-20 14:27:58 0 [Note] InnoDB: Setting file 'C:\xampp\mysql\data\ibtmp1' size to 12 MB. Physically writing the file full; Please wait ...
2021-02-20 14:27:58 0 [Note] InnoDB: File 'C:\xampp\mysql\data\ibtmp1' size is now 12 MB.
2021-02-20 14:27:58 0 [Note] InnoDB: Waiting for purge to start
2021-02-20 14:27:58 0 [Note] InnoDB: 10.4.17 started; log sequence number 386271; transaction id 505
2021-02-20 14:27:58 0 [Note] Plugin 'FEEDBACK' is disabled.
2021-02-20 14:27:58 0 [Note] InnoDB: Loading buffer pool(s) from C:\xampp\mysql\data\ib_buffer_pool
2021-02-20 14:27:58 0 [Note] Server socket created on IP: '::'.
2021-02-20 14:27:58 0 [Note] InnoDB: Buffer pool(s) load completed at 210220 14:27:58
InnoDB: using atomic writes.
2021-02-20 16:20:42 0 [Note] InnoDB: Mutexes and rw_locks use Windows interlocked functions
2021-02-20 16:20:42 0 [Note] InnoDB: Uses event mutexes
2021-02-20 16:20:42 0 [Note] InnoDB: Compressed tables use zlib 1.2.11
2021-02-20 16:20:42 0 [Note] InnoDB: Number of pools: 1
2021-02-20 16:20:42 0 [Note] InnoDB: Using SSE2 crc32 instructions
2021-02-20 16:20:42 0 [Note] InnoDB: Initializing buffer pool, total size = 16M, instances = 1, chunk size = 16M
2021-02-20 16:20:42 0 [Note] InnoDB: Completed initialization of buffer pool
2021-02-20 16:20:42 0 [Note] InnoDB: Starting crash recovery from checkpoint LSN=404890
2021-02-20 16:20:42 0 [Note] InnoDB: 128 out of 128 rollback segments are active.
2021-02-20 16:20:42 0 [Note] InnoDB: Removed temporary tablespace data file: "ibtmp1"
2021-02-20 16:20:42 0 [Note] InnoDB: Creating shared tablespace for temporary tables
2021-02-20 16:20:42 0 [Note] InnoDB: Setting file 'C:\xampp\mysql\data\ibtmp1' size to 12 MB. Physically writing the file full; Please wait ...
2021-02-20 16:20:42 0 [Note] InnoDB: File 'C:\xampp\mysql\data\ibtmp1' size is now 12 MB.
2021-02-20 16:20:42 0 [Note] InnoDB: Waiting for purge to start
2021-02-20 16:20:43 0 [Note] InnoDB: 10.4.17 started; log sequence number 404899; transaction id 598
2021-02-20 16:20:43 0 [Note] Plugin 'FEEDBACK' is disabled.
2021-02-20 16:20:43 0 [Note] InnoDB: Loading buffer pool(s) from C:\xampp\mysql\data\ib_buffer_pool
2021-02-20 16:20:43 0 [Note] Server socket created on IP: '::'.
2021-02-20 16:20:43 0 [Note] InnoDB: Buffer pool(s) load completed at 210220 16:20:43
InnoDB: using atomic writes.
2021-02-21  1:13:01 0 [Note] InnoDB: Mutexes and rw_locks use Windows interlocked functions
2021-02-21  1:13:01 0 [Note] InnoDB: Uses event mutexes
2021-02-21  1:13:01 0 [Note] InnoDB: Compressed tables use zlib 1.2.11
2021-02-21  1:13:01 0 [Note] InnoDB: Number of pools: 1
2021-02-21  1:13:01 0 [Note] InnoDB: Using SSE2 crc32 instructions
2021-02-21  1:13:01 0 [Note] InnoDB: Initializing buffer pool, total size = 16M, instances = 1, chunk size = 16M
2021-02-21  1:13:01 0 [Note] InnoDB: Completed initialization of buffer pool
2021-02-21  1:13:01 0 [Note] InnoDB: Starting crash recovery from checkpoint LSN=788803
2021-02-21  1:13:01 0 [Note] InnoDB: 128 out of 128 rollback segments are active.
2021-02-21  1:13:01 0 [Note] InnoDB: Removed temporary tablespace data file: "ibtmp1"
2021-02-21  1:13:01 0 [Note] InnoDB: Creating shared tablespace for temporary tables
2021-02-21  1:13:01 0 [Note] InnoDB: Setting file 'C:\xampp\mysql\data\ibtmp1' size to 12 MB. Physically writing the file full; Please wait ...
2021-02-21  1:13:01 0 [Note] InnoDB: File 'C:\xampp\mysql\data\ibtmp1' size is now 12 MB.
2021-02-21  1:13:01 0 [Note] InnoDB: Waiting for purge to start
2021-02-21  1:13:01 0 [Note] InnoDB: 10.4.17 started; log sequence number 788812; transaction id 1100
2021-02-21  1:13:01 0 [Note] InnoDB: Loading buffer pool(s) from C:\xampp\mysql\data\ib_buffer_pool
2021-02-21  1:13:01 0 [Note] Plugin 'FEEDBACK' is disabled.
2021-02-21  1:13:01 0 [Note] InnoDB: Buffer pool(s) load completed at 210221  1:13:01
2021-02-21  1:13:01 0 [Note] Server socket created on IP: '::'.
InnoDB: using atomic writes.
2021-02-21  1:45:13 0 [Note] InnoDB: Mutexes and rw_locks use Windows interlocked functions
2021-02-21  1:45:13 0 [Note] InnoDB: Uses event mutexes
2021-02-21  1:45:13 0 [Note] InnoDB: Compressed tables use zlib 1.2.11
2021-02-21  1:45:13 0 [Note] InnoDB: Number of pools: 1
2021-02-21  1:45:13 0 [Note] InnoDB: Using SSE2 crc32 instructions
2021-02-21  1:45:13 0 [Note] InnoDB: Initializing buffer pool, total size = 16M, instances = 1, chunk size = 16M
2021-02-21  1:45:13 0 [Note] InnoDB: Completed initialization of buffer pool
2021-02-21  1:45:13 0 [Note] InnoDB: Starting crash recovery from checkpoint LSN=788821
2021-02-21  1:45:14 0 [Note] InnoDB: 128 out of 128 rollback segments are active.
2021-02-21  1:45:14 0 [Note] InnoDB: Removed temporary tablespace data file: "ibtmp1"
2021-02-21  1:45:14 0 [Note] InnoDB: Creating shared tablespace for temporary tables
2021-02-21  1:45:14 0 [Note] InnoDB: Setting file 'C:\xampp\mysql\data\ibtmp1' size to 12 MB. Physically writing the file full; Please wait ...
2021-02-21  1:45:14 0 [Note] InnoDB: File 'C:\xampp\mysql\data\ibtmp1' size is now 12 MB.
2021-02-21  1:45:14 0 [Note] InnoDB: Waiting for purge to start
2021-02-21  1:45:14 0 [Note] InnoDB: 10.4.17 started; log sequence number 788830; transaction id 1100
2021-02-21  1:45:14 0 [Note] InnoDB: Loading buffer pool(s) from C:\xampp\mysql\data\ib_buffer_pool
2021-02-21  1:45:14 0 [Note] Plugin 'FEEDBACK' is disabled.
2021-02-21  1:45:14 0 [Note] Server socket created on IP: '::'.
2021-02InnoDB: using atomic writes.
2021-02-21  7:22:47 0 [Note] InnoDB: Mutexes and rw_locks use Windows interlocked functions
2021-02-21  7:22:47 0 [Note] InnoDB: Uses event mutexes
2021-02-21  7:22:47 0 [Note] InnoDB: Compressed tables use zlib 1.2.11
2021-02-21  7:22:47 0 [Note] InnoDB: Number of pools: 1
2021-02-21  7:22:47 0 [Note] InnoDB: Using SSE2 crc32 instructions
2021-02-21  7:22:47 0 [Note] InnoDB: Initializing buffer pool, total size = 16M, instances = 1, chunk size = 16M
2021-02-21  7:22:47 0 [Note] InnoDB: Completed initialization of buffer pool
2021-02-21  7:22:47 0 [Note] InnoDB: Starting crash recovery from checkpoint LSN=788839
2021-02-21  7:22:48 0 [Note] InnoDB: 128 out of 128 rollback segments are active.
2021-02-21  7:22:48 0 [Note] InnoDB: Removed temporary tablespace data file: "ibtmp1"
2021-02-21  7:22:48 0 [Note] InnoDB: Creating shared tablespace for temporary tables
2021-02-21  7:22:48 0 [Note] InnoDB: Setting file 'C:\xampp\mysql\data\ibtmp1' size to 12 MB. Physically writing the file full; Please wait ...
2021-02-21  7:22:48 0 [Note] InnoDB: File 'C:\xampp\mysql\data\ibtmp1' size is now 12 MB.
2021-02-21  7:22:48 0 [Note] InnoDB: Waiting for purge to start
2021-02-21  7:22:48 0 [Note] InnoDB: 10.4.17 started; log sequence number 788848; transaction id 1100
2021-02-21  7:22:48 0 [Note] InnoDB: Loading buffer pool(s) from C:\xampp\mysql\data\ib_buffer_pool
2021-02-21  7:22:48 0 [Note] Plugin 'FEEDBACK' is disabled.
2021-02-21  7:22:48 0 [Note] InnoDB: Buffer pool(s) load completed at 210221  7:22:48
2021-02-21  7:22:48 0 [Note] Server socket created on IP: '::'.
InnoDB: using atomic writes.
2021-02-21 14:04:49 0 [Note] InnoDB: Mutexes and rw_locks use Windows interlocked functions
2021-02-21 14:04:49 0 [Note] InnoDB: Uses event mutexes
2021-02-21 14:04:49 0 [Note] InnoDB: Compressed tables use zlib 1.2.11
2021-02-21 14:04:49 0 [Note] InnoDB: Number of pools: 1
2021-02-21 14:04:49 0 [Note] InnoDB: Using SSE2 crc32 instructions
2021-02-21 14:04:49 0 [Note] InnoDB: Initializing buffer pool, total size = 16M, instances = 1, chunk size = 16M
2021-02-21 14:04:49 0 [Note] InnoDB: Completed initialization of buffer pool
2021-02-21 14:04:49 0 [Note] InnoDB: Starting crash recovery from checkpoint LSN=788857
2021-02-21 14:04:50 0 [Note] InnoDB: 128 out of 128 rollback segments are active.
2021-02-21 14:04:50 0 [Note] InnoDB: Removed temporary tablespace data file: "ibtmp1"
2021-02-21 14:04:50 0 [Note] InnoDB: Creating shared tablespace for temporary tables
2021-02-21 14:04:50 0 [Note] InnoDB: Setting file 'C:\xampp\mysql\data\ibtmp1' size to 12 MB. Physically writing the file full; Please wait ...
2021-02-21 14:04:50 0 [Note] InnoDB: File 'C:\xampp\mysql\data\ibtmp1' size is now 12 MB.
2021-02-21 14:04:50 0 [Note] InnoDB: Waiting for purge to start
2021-02-21 14:04:50 0 [Note] InnoDB: 10.4.17 started; log sequence number 788866; transaction id 1100
2021-02-21 14:04:50 0 [Note] InnoDB: Loading buffer pool(s) from C:\xampp\mysql\data\ib_buffer_pool
2021-02-21 14:04:50 0 [Note] Plugin 'FEEDBACK' is disabled.
2021-02-21 14:04:50 0 [Note] Server socket created on IP: '::'.
2021-02-21 14:04:50 0 [Note] InnoDB: Buffer pool(s) load completed at 210221 14:04:50
InnoDB: using atomic writes.
2021-02-21 17:15:00 0 [Note] InnoDB: Mutexes and rw_locks use Windows interlocked functions
2021-02-21 17:15:00 0 [Note] InnoDB: Uses event mutexes
2021-02-21 17:15:00 0 [Note] InnoDB: Compressed tables use zlib 1.2.11
2021-02-21 17:15:00 0 [Note] InnoDB: Number of pools: 1
2021-02-21 17:15:00 0 [Note] InnoDB: Using SSE2 crc32 instructions
2021-02-21 17:15:00 0 [Note] InnoDB: Initializing buffer pool, total size = 16M, instances = 1, chunk size = 16M
2021-02-21 17:15:00 0 [Note] InnoDB: Completed initialization of buffer pool
2021-02-21 17:15:00 0 [Note] InnoDB: Starting crash recovery from checkpoint LSN=788875
2021-02-21 17:15:00 0 [Note] InnoDB: 128 out of 128 rollback segments are active.
2021-02-21 17:15:00 0 [Note] InnoDB: Removed temporary tablespace data file: "ibtmp1"
2021-02-21 17:15:00 0 [Note] InnoDB: Creating shared tablespace for temporary tables
2021-02-21 17:15:00 0 [Note] InnoDB: Setting file 'C:\xampp\mysql\data\ibtmp1' size to 12 MB. Physically writing the file full; Please wait ...
2021-02-21 17:15:00 0 [Note] InnoDB: File 'C:\xampp\mysql\data\ibtmp1' size is now 12 MB.
2021-02-21 17:15:00 0 [Note] InnoDB: Waiting for purge to start
2021-02-21 17:15:00 0 [Note] InnoDB: 10.4.17 started; log sequence number 788884; transaction id 1100
2021-02-21 17:15:00 0 [Note] InnoDB: Loading buffer pool(s) from C:\xampp\mysql\data\ib_buffer_pool
2021-02-21 17:15:00 0 [Note] Plugin 'FEEDBACK' is disabled.
2021-02-21 17:15:00 0 [Note] Server socket created on IP: '::'.
2021-02-21 17:15:00 0 [Note] InnoDB: Buffer pool(s) load completed at 210221 17:15:00
InnoDB: using atomic writes.
2021-02-22 12:08:23 0 [Note] InnoDB: Mutexes and rw_locks use Windows interlocked functions
2021-02-22 12:08:23 0 [Note] InnoDB: Uses event mutexes
2021-02-22 12:08:23 0 [Note] InnoDB: Compressed tables use zlib 1.2.11
2021-02-22 12:08:23 0 [Note] InnoDB: Number of pools: 1
2021-02-22 12:08:23 0 [Note] InnoDB: Using SSE2 crc32 instructions
2021-02-22 12:08:23 0 [Note] InnoDB: Initializing buffer pool, total size = 16M, instances = 1, chunk size = 16M
2021-02-22 12:08:23 0 [Note] InnoDB: Completed initialization of buffer pool
2021-02-22 12:08:23 0 [Note] InnoDB: Starting crash recovery from checkpoint LSN=788893
2021-02-22 12:08:23 0 [Note] InnoDB: 128 out of 128 rollback segments are active.
2021-02-22 12:08:23 0 [Note] InnoDB: Removed temporary tablespace data file: "ibtmp1"
2021-02-22 12:08:24 0 [Note] InnoDB: Creating shared tablespace for temporary tables
2021-02-22 12:08:24 0 [Note] InnoDB: Setting file 'C:\xampp\mysql\data\ibtmp1' size to 12 MB. Physically writing the file full; Please wait ...
2021-02-22 12:08:24 0 [Note] InnoDB: File 'C:\xampp\mysql\data\ibtmp1' size is now 12 MB.
2021-02-22 12:08:24 0 [Note] InnoDB: Waiting for purge to start
2021-02-22 12:08:24 0 [Note] InnoDB: 10.4.17 started; log sequence number 788902; transaction id 1100
2021-02-22 12:08:24 0 [Note] InnoDB: Loading buffer pool(s) from C:\xampp\mysql\data\ib_buffer_pool
2021-02-22 12:08:24 0 [Note] Plugin 'FEEDBACK' is disabled.
2021-02-22 12:08:24 0 [Note] InnoDB: Buffer pool(s) load completed at 210222 12:08:24
2021-02-22 12:08:24 0 [Note] Server socket created on IP: '::'.
InnoDB: using atomic writes.
2021-02-22 12:29:43 0 [Note] InnoDB: Mutexes and rw_locks use Windows interlocked functions
2021-02-22 12:29:43 0 [Note] InnoDB: Uses event mutexes
2021-02-22 12:29:43 0 [Note] InnoDB: Compressed tables use zlib 1.2.11
2021-02-22 12:29:43 0 [Note] InnoDB: Number of pools: 1
2021-02-22 12:29:43 0 [Note] InnoDB: Using SSE2 crc32 instructions
2021-02-22 12:29:43 0 [Note] InnoDB: Initializing buffer pool, total size = 16M, instances = 1, chunk size = 16M
2021-02-22 12:29:43 0 [Note] InnoDB: Completed initialization of buffer pool
2021-02-22 12:29:43 0 [Note] InnoDB: Starting crash recovery from checkpoint LSN=788911
2021-02-22 12:29:44 0 [Note] InnoDB: 128 out of 128 rollback segments are active.
2021-02-22 12:29:44 0 [Note] InnoDB: Removed temporary tablespace data file: "ibtmp1"
2021-02-22 12:29:44 0 [Note] InnoDB: Creating shared tablespace for temporary tables
2021-02-22 12:29:44 0 [Note] InnoDB: Setting file 'C:\xampp\mysql\data\ibtmp1' size to 12 MB. Physically writing the file full; Please wait ...
2021-02-22 12:29:44 0 [Note] InnoDB: File 'C:\xampp\mysql\data\ibtmp1' size is now 12 MB.
2021-02-22 12:29:44 0 [Note] InnoDB: Waiting for purge to start
2021-02-22 12:29:44 0 [Note] InnoDB: 10.4.17 started; log sequence number 788920; transaction id 1100
2021-02-22 12:29:44 0 [Note] InnoDB: Loading buffer pool(s) from C:\xampp\mysql\data\ib_buffer_pool
2021-02-22 12:29:44 0 [Note] Plugin 'FEEDBACK' is disabled.
2021-02-22 12:29:44 0 [Note] InnoDB: Buffer pool(s) load completed at 210222 12:29:44
2021-02-22 12:29:44 0 [Note] Server socket created on IP: '::'.
InnoDB: using atomic writes.
2021-02-22 19:29:43 0 [Note] InnoDB: Mutexes and rw_locks use Windows interlocked functions
2021-02-22 19:29:43 0 [Note] InnoDB: Uses event mutexes
2021-02-22 19:29:43 0 [Note] InnoDB: Compressed tables use zlib 1.2.11
2021-02-22 19:29:43 0 [Note] InnoDB: Number of pools: 1
2021-02-22 19:29:43 0 [Note] InnoDB: Using SSE2 crc32 instructions
2021-02-22 19:29:43 0 [Note] InnoDB: Initializing buffer pool, total size = 16M, instances = 1, chunk size = 16M
2021-02-22 19:29:43 0 [Note] InnoDB: Completed initialization of buffer pool
2021-02-22 19:29:43 0 [Note] InnoDB: Starting crash recovery from checkpoint LSN=788929
2021-02-22 19:29:44 0 [Note] InnoDB: 128 out of 128 rollback segments are active.
2021-02-22 19:29:44 0 [Note] InnoDB: Removed temporary tablespace data file: "ibtmp1"
2021-02-22 19:29:44 0 [Note] InnoDB: Creating shared tablespace for temporary tables
2021-02-22 19:29:44 0 [Note] InnoDB: Setting file 'C:\xampp\mysql\data\ibtmp1' size to 12 MB. Physically writing the file full; Please wait ...
2021-02-22 19:29:44 0 [Note] InnoDB: File 'C:\xampp\mysql\data\ibtmp1' size is now 12 MB.
2021-02-22 19:29:44 0 [Note] InnoDB: Waiting for purge to start
2021-02-22 19:29:44 0 [Note] InnoDB: 10.4.17 started; log sequence number 788938; transaction id 1100
2021-02-22 19:29:44 0 [Note] InnoDB: Loading buffer pool(s) from C:\xampp\mysql\data\ib_buffer_pool
2021-02-22 19:29:44 0 [Note] Plugin 'FEEDBACK' is disabled.
2021-02-22 19:29:44 0 [Note] InnoDB: Buffer pool(s) load completed at 210222 19:29:44
2021-02-22 19:29:44 0 [Note] Server socket created on IP: '::'.
InnoDB: using atomic writes.
2021-02-25  0:08:09 0 [Note] InnoDB: Mutexes and rw_locks use Windows interlocked functions
2021-02-25  0:08:09 0 [Note] InnoDB: Uses event mutexes
2021-02-25  0:08:09 0 [Note] InnoDB: Compressed tables use zlib 1.2.11
2021-02-25  0:08:09 0 [Note] InnoDB: Number of pools: 1
2021-02-25  0:08:09 0 [Note] InnoDB: Using SSE2 crc32 instructions
2021-02-25  0:08:09 0 [Note] InnoDB: Initializing buffer pool, total size = 16M, instances = 1, chunk size = 16M
2021-02-25  0:08:09 0 [Note] InnoDB: Completed initialization of buffer pool
2021-02-25  0:08:09 0 [Note] InnoDB: Starting crash recovery from checkpoint LSN=788947
2021-02-25  0:08:09 0 [Note] InnoDB: 128 out of 128 rollback segments are active.
2021-02-25  0:08:09 0 [Note] InnoDB: Removed temporary tablespace data file: "ibtmp1"
2021-02-25  0:08:09 0 [Note] InnoDB: Creating shared tablespace for temporary tables
2021-02-25  0:08:09 0 [Note] InnoDB: Setting file 'C:\xampp\mysql\data\ibtmp1' size to 12 MB. Physically writing the file full; Please wait ...
2021-02-25  0:08:09 0 [Note] InnoDB: File 'C:\xampp\mysql\data\ibtmp1' size is now 12 MB.
2021-02-25  0:08:09 0 [Note] InnoDB: Waiting for purge to start
2021-02-25  0:08:09 0 [Note] InnoDB: 10.4.17 started; log sequence number 788956; transaction id 1100
2021-02-25  0:08:09 0 [Note] InnoDB: Loading buffer pool(s) from C:\xampp\mysql\data\ib_buffer_pool
2021-02-25  0:08:09 0 [Note] Plugin 'FEEDBACK' is disabled.
2021-02-25  0:08:10 0 [Note] Server socket created on IP: '::'.
InnoDB: using atomic writes.
2021-02-25 16:38:47 0 [Note] InnoDB: Mutexes and rw_locks use Windows interlocked functions
2021-02-25 16:38:47 0 [Note] InnoDB: Uses event mutexes
2021-02-25 16:38:47 0 [Note] InnoDB: Compressed tables use zlib 1.2.11
2021-02-25 16:38:47 0 [Note] InnoDB: Number of pools: 1
2021-02-25 16:38:47 0 [Note] InnoDB: Using SSE2 crc32 instructions
2021-02-25 16:38:47 0 [Note] InnoDB: Initializing buffer pool, total size = 16M, instances = 1, chunk size = 16M
2021-02-25 16:38:47 0 [Note] InnoDB: Completed initialization of buffer pool
2021-02-25 16:38:47 0 [Note] InnoDB: Starting crash recovery from checkpoint LSN=788965
2021-02-25 16:38:48 0 [Note] InnoDB: 128 out of 128 rollback segments are active.
2021-02-25 16:38:48 0 [Note] InnoDB: Removed temporary tablespace data file: "ibtmp1"
2021-02-25 16:38:48 0 [Note] InnoDB: Creating shared tablespace for temporary tables
2021-02-25 16:38:48 0 [Note] InnoDB: Setting file 'C:\xampp\mysql\data\ibtmp1' size to 12 MB. Physically writing the file full; Please wait ...
2021-02-25 16:38:48 0 [Note] InnoDB: File 'C:\xampp\mysql\data\ibtmp1' size is now 12 MB.
2021-02-25 16:38:48 0 [Note] InnoDB: Waiting for purge to start
2021-02-25 16:38:48 0 [Note] InnoDB: 10.4.17 started; log sequence number 788974; transaction id 1100
2021-02-25 16:38:48 0 [Note] InnoDB: Loading buffer pool(s) from C:\xampp\mysql\data\ib_buffer_pool
2021-02-25 16:38:48 0 [Note] Plugin 'FEEDBACK' is disabled.
2021-02-25 16:38:48 0 [Note] InnoDB: Buffer pool(s) load completed at 210225 16:38:48
2021-02-25 16:38:48 0 [Note] Server socket created on IP: '::'.
InnoDB: using atomic writes.
2021-02-28 14:59:29 0 [Note] InnoDB: Mutexes and rw_locks use Windows interlocked functions
2021-02-28 14:59:29 0 [Note] InnoDB: Uses event mutexes
2021-02-28 14:59:29 0 [Note] InnoDB: Compressed tables use zlib 1.2.11
2021-02-28 14:59:29 0 [Note] InnoDB: Number of pools: 1
2021-02-28 14:59:29 0 [Note] InnoDB: Using SSE2 crc32 instructions
2021-02-28 14:59:29 0 [Note] InnoDB: Initializing buffer pool, total size = 16M, instances = 1, chunk size = 16M
2021-02-28 14:59:29 0 [Note] InnoDB: Completed initialization of buffer pool
2021-02-28 14:59:29 0 [Note] InnoDB: Starting crash recovery from checkpoint LSN=789008
2021-02-28 14:59:29 0 [Note] InnoDB: 128 out of 128 rollback segments are active.
2021-02-28 14:59:29 0 [Note] InnoDB: Removed temporary tablespace data file: "ibtmp1"
2021-02-28 14:59:29 0 [Note] InnoDB: Creating shared tablespace for temporary tables
2021-02-28 14:59:29 0 [Note] InnoDB: Setting file 'C:\xampp\mysql\data\ibtmp1' size to 12 MB. Physically writing the file full; Please wait ...
2021-02-28 14:59:29 0 [Note] InnoDB: File 'C:\xampp\mysql\data\ibtmp1' size is now 12 MB.
2021-02-28 14:59:29 0 [Note] InnoDB: Waiting for purge to start
2021-02-28 14:59:29 0 [Note] InnoDB: 10.4.17 started; log sequence number 789017; transaction id 1100
2021-02-28 14:59:29 0 [Note] InnoDB: Loading buffer pool(s) from C:\xampp\mysql\data\ib_buffer_pool
2021-02-28 14:59:29 0 [Note] Plugin 'FEEDBACK' is disabled.
2021-02-28 14:59:29 0 [Note] InnoDB: Buffer pool(s) load completed at 210228 14:59:29
2021-02-28 14:59:30 0 [Note] Server socket created on IP: '::'.
InnoDB: using atomic writes.
2021-03-01 15:07:18 0 [Note] InnoDB: Mutexes and rw_locks use Windows interlocked functions
2021-03-01 15:07:18 0 [Note] InnoDB: Uses event mutexes
2021-03-01 15:07:18 0 [Note] InnoDB: Compressed tables use zlib 1.2.11
2021-03-01 15:07:18 0 [Note] InnoDB: Number of pools: 1
2021-03-01 15:07:18 0 [Note] InnoDB: Using SSE2 crc32 instructions
2021-03-01 15:07:18 0 [Note] InnoDB: Initializing buffer pool, total size = 16M, instances = 1, chunk size = 16M
2021-03-01 15:07:18 0 [Note] InnoDB: Completed initialization of buffer pool
2021-03-01 15:07:18 0 [Note] InnoDB: Starting crash recovery from checkpoint LSN=789026
2021-03-01 15:07:18 0 [Note] InnoDB: 128 out of 128 rollback segments are active.
2021-03-01 15:07:18 0 [Note] InnoDB: Removed temporary tablespace data file: "ibtmp1"
2021-03-01 15:07:18 0 [Note] InnoDB: Creating shared tablespace for temporary tables
2021-03-01 15:07:18 0 [Note] InnoDB: Setting file 'C:\xampp\mysql\data\ibtmp1' size to 12 MB. Physically writing the file full; Please wait ...
2021-03-01 15:07:18 0 [Note] InnoDB: File 'C:\xampp\mysql\data\ibtmp1' size is now 12 MB.
2021-03-01 15:07:18 0 [Note] InnoDB: Waiting for purge to start
2021-03-01 15:07:18 0 [Note] InnoDB: 10.4.17 started; log sequence number 789035; transaction id 1100
2021-03-01 15:07:18 0 [Note] Plugin 'FEEDBACK' is disabled.
2021-03-01 15:07:18 0 [Note] InnoDB: Loading buffer pool(s) from C:\xampp\mysql\data\ib_buffer_pool
2021-03-01 15:07:18 0 [Note] InnoDB: Buffer pool(s) load completed at 210301 15:07:18
2021-03-01 15:07:18 0 [Note] Server socket created on IP: '::'.
InnoDB: using atomic writes.
2021-03-08 18:09:29 0 [Note] InnoDB: Mutexes and rw_locks use Windows interlocked functions
2021-03-08 18:09:29 0 [Note] InnoDB: Uses event mutexes
2021-03-08 18:09:29 0 [Note] InnoDB: Compressed tables use zlib 1.2.11
2021-03-08 18:09:29 0 [Note] InnoDB: Number of pools: 1
2021-03-08 18:09:29 0 [Note] InnoDB: Using SSE2 crc32 instructions
2021-03-08 18:09:29 0 [Note] InnoDB: Initializing buffer pool, total size = 16M, instances = 1, chunk size = 16M
2021-03-08 18:09:29 0 [Note] InnoDB: Completed initialization of buffer pool
2021-03-08 18:09:29 0 [Note] InnoDB: Starting crash recovery from checkpoint LSN=789044
2021-03-08 18:09:29 0 [Note] InnoDB: 128 out of 128 rollback segments are active.
2021-03-08 18:09:29 0 [Note] InnoDB: Removed temporary tablespace data file: "ibtmp1"
2021-03-08 18:09:29 0 [Note] InnoDB: Creating shared tablespace for temporary tables
2021-03-08 18:09:29 0 [Note] InnoDB: Setting file 'C:\xampp\mysql\data\ibtmp1' size to 12 MB. Physically writing the file full; Please wait ...
2021-03-08 18:09:29 0 [Note] InnoDB: File 'C:\xampp\mysql\data\ibtmp1' size is now 12 MB.
2021-03-08 18:09:29 0 [Note] InnoDB: Waiting for purge to start
2021-03-08 18:09:29 0 [Note] InnoDB: 10.4.17 started; log sequence number 789053; transaction id 1100
2021-03-08 18:09:29 0 [Note] InnoDB: Loading buffer pool(s) from C:\xampp\mysql\data\ib_buffer_pool
2021-03-08 18:09:29 0 [Note] Plugin 'FEEDBACK' is disabled.
2021-03-08 18:09:29 0 [Note] InnoDB: Buffer pool(s) load completed at 210308 18:09:29
2021-03-08 18:09:29 0 [Note] Server socket created on IP: '::'.
InnoDB: using atomic writes.
2021-03-08 20:48:41 0 [Note] InnoDB: Mutexes and rw_locks use Windows interlocked functions
2021-03-08 20:48:41 0 [Note] InnoDB: Uses event mutexes
2021-03-08 20:48:41 0 [Note] InnoDB: Compressed tables use zlib 1.2.11
2021-03-08 20:48:41 0 [Note] InnoDB: Number of pools: 1
2021-03-08 20:48:41 0 [Note] InnoDB: Using SSE2 crc32 instructions
2021-03-08 20:48:41 0 [Note] InnoDB: Initializing buffer pool, total size = 16M, instances = 1, chunk size = 16M
2021-03-08 20:48:41 0 [Note] InnoDB: Completed initialization of buffer pool
2021-03-08 20:48:41 0 [Note] InnoDB: Starting crash recovery from checkpoint LSN=789062
2021-03-08 20:48:42 0 [Note] InnoDB: 128 out of 128 rollback segments are active.
2021-03-08 20:48:42 0 [Note] InnoDB: Removed temporary tablespace data file: "ibtmp1"
2021-03-08 20:48:42 0 [Note] InnoDB: Creating shared tablespace for temporary tables
2021-03-08 20:48:42 0 [Note] InnoDB: Setting file 'C:\xampp\mysql\data\ibtmp1' size to 12 MB. Physically writing the file full; Please wait ...
2021-03-08 20:48:42 0 [Note] InnoDB: File 'C:\xampp\mysql\data\ibtmp1' size is now 12 MB.
2021-03-08 20:48:42 0 [Note] InnoDB: Waiting for purge to start
2021-03-08 20:48:42 0 [Note] InnoDB: 10.4.17 started; log sequence number 789071; transaction id 1100
2021-03-08 20:48:42 0 [Note] InnoDB: Loading buffer pool(s) from C:\xampp\mysql\data\ib_buffer_pool
2021-03-08 20:48:42 0 [Note] Plugin 'FEEDBACK' is disabled.
2021-03-08 20:48:42 0 [Note] InnoDB: Buffer pool(s) load completed at 210308 20:48:42
2021-03-08 20:48:42 0 [Note] Server socket created on IP: '::'.
InnoDB: using atomic writes.
2021-04-12 16:53:51 0 [Note] InnoDB: Mutexes and rw_locks use Windows interlocked functions
2021-04-12 16:53:51 0 [Note] InnoDB: Uses event mutexes
2021-04-12 16:53:51 0 [Note] InnoDB: Compressed tables use zlib 1.2.11
2021-04-12 16:53:51 0 [Note] InnoDB: Number of pools: 1
2021-04-12 16:53:51 0 [Note] InnoDB: Using SSE2 crc32 instructions
2021-04-12 16:53:51 0 [Note] InnoDB: Initializing buffer pool, total size = 16M, instances = 1, chunk size = 16M
2021-04-12 16:53:51 0 [Note] InnoDB: Completed initialization of buffer pool
2021-04-12 16:53:51 0 [Note] InnoDB: Starting crash recovery from checkpoint LSN=789080
2021-04-12 16:53:51 0 [Note] InnoDB: 128 out of 128 rollback segments are active.
2021-04-12 16:53:51 0 [Note] InnoDB: Removed temporary tablespace data file: "ibtmp1"
2021-04-12 16:53:51 0 [Note] InnoDB: Creating shared tablespace for temporary tables
2021-04-12 16:53:51 0 [Note] InnoDB: Setting file 'C:\xampp\mysql\data\ibtmp1' size to 12 MB. Physically writing the file full; Please wait ...
2021-04-12 16:53:51 0 [Note] InnoDB: File 'C:\xampp\mysql\data\ibtmp1' size is now 12 MB.
2021-04-12 16:53:51 0 [Note] InnoDB: Waiting for purge to start
2021-04-12 16:53:51 0 [Note] InnoDB: 10.4.17 started; log sequence number 789089; transaction id 1100
2021-04-12 16:53:51 0 [Note] InnoDB: Loading buffer pool(s) from C:\xampp\mysql\data\ib_buffer_pool
2021-04-12 16:53:51 0 [Note] Plugin 'FEEDBACK' is disabled.
2021-04-12 16:53:51 0 [Note] InnoDB: Buffer pool(s) load completed at 210412 16:53:51
2021-04-12 16:53:51 0 [Note] Server socket created on IP: '::'.
InnoDB: using atomic writes.
2021-04-27  0:05:25 0 [Note] InnoDB: Mutexes and rw_locks use Windows interlocked functions
2021-04-27  0:05:25 0 [Note] InnoDB: Uses event mutexes
2021-04-27  0:05:25 0 [Note] InnoDB: Compressed tables use zlib 1.2.11
2021-04-27  0:05:25 0 [Note] InnoDB: Number of pools: 1
2021-04-27  0:05:25 0 [Note] InnoDB: Using SSE2 crc32 instructions
2021-04-27  0:05:25 0 [Note] InnoDB: Initializing buffer pool, total size = 16M, instances = 1, chunk size = 16M
2021-04-27  0:05:25 0 [Note] InnoDB: Completed initialization of buffer pool
2021-04-27  0:05:25 0 [Note] InnoDB: Starting crash recovery from checkpoint LSN=789098
2021-04-27  0:05:25 0 [Note] InnoDB: 128 out of 128 rollback segments are active.
2021-04-27  0:05:25 0 [Note] InnoDB: Removed temporary tablespace data file: "ibtmp1"
2021-04-27  0:05:25 0 [Note] InnoDB: Creating shared tablespace for temporary tables
2021-04-27  0:05:25 0 [Note] InnoDB: Setting file 'C:\xampp\mysql\data\ibtmp1' size to 12 MB. Physically writing the file full; Please wait ...
2021-04-27  0:05:25 0 [Note] InnoDB: File 'C:\xampp\mysql\data\ibtmp1' size is now 12 MB.
2021-04-27  0:05:25 0 [Note] InnoDB: Waiting for purge to start
2021-04-27  0:05:25 0 [Note] InnoDB: 10.4.17 started; log sequence number 789107; transaction id 1100
2021-04-27  0:05:25 0 [Note] InnoDB: Loading buffer pool(s) from C:\xampp\mysql\data\ib_buffer_pool
2021-04-27  0:05:25 0 [Note] Plugin 'FEEDBACK' is disabled.
2021-04-27  0:05:25 0 [Note] Server socket created on IP: '::'.
2021-04-27  0:05:25 0 [Note] InnoDB: Buffer pool(s) load completed at 210427  0:05:25
InnoDB: using atomic writes.
2021-04-28 16:35:42 0 [Note] InnoDB: Mutexes and rw_locks use Windows interlocked functions
2021-04-28 16:35:42 0 [Note] InnoDB: Uses event mutexes
2021-04-28 16:35:42 0 [Note] InnoDB: Compressed tables use zlib 1.2.11
2021-04-28 16:35:42 0 [Note] InnoDB: Number of pools: 1
2021-04-28 16:35:42 0 [Note] InnoDB: Using SSE2 crc32 instructions
2021-04-28 16:35:42 0 [Note] InnoDB: Initializing buffer pool, total size = 16M, instances = 1, chunk size = 16M
2021-04-28 16:35:42 0 [Note] InnoDB: Completed initialization of buffer pool
2021-04-28 16:35:42 0 [Note] InnoDB: Starting crash recovery from checkpoint LSN=789116
2021-04-28 16:35:42 0 [Note] InnoDB: 128 out of 128 rollback segments are active.
2021-04-28 16:35:42 0 [Note] InnoDB: Removed temporary tablespace data file: "ibtmp1"
2021-04-28 16:35:42 0 [Note] InnoDB: Creating shared tablespace for temporary tables
2021-04-28 16:35:42 0 [Note] InnoDB: Setting file 'C:\xampp\mysql\data\ibtmp1' size to 12 MB. Physically writing the file full; Please wait ...
2021-04-28 16:35:42 0 [Note] InnoDB: File 'C:\xampp\mysql\data\ibtmp1' size is now 12 MB.
2021-04-28 16:35:42 0 [Note] InnoDB: Waiting for purge to start
2021-04-28 16:35:42 0 [Note] InnoDB: 10.4.17 started; log sequence number 789125; transaction id 1100
2021-04-28 16:35:42 0 [Note] InnoDB: Loading buffer pool(s) from C:\xampp\mysql\data\ib_buffer_pool
2021-04-28 16:35:42 0 [Note] Plugin 'FEEDBACK' is disabled.
2021-04-28 16:35:42 0 [Note] InnoDB: Buffer pool(s) load completed at 210428 16:35:42
2021-04-28 16:35:42 0 [Note] Server socket created on IP: '::'.
InnoDB: using atomic writes.
2021-05-03 10:11:54 0 [Note] InnoDB: Mutexes and rw_locks use Windows interlocked functions
2021-05-03 10:11:54 0 [Note] InnoDB: Uses event mutexes
2021-05-03 10:11:54 0 [Note] InnoDB: Compressed tables use zlib 1.2.11
2021-05-03 10:11:54 0 [Note] InnoDB: Number of pools: 1
2021-05-03 10:11:54 0 [Note] InnoDB: Using SSE2 crc32 instructions
2021-05-03 10:11:54 0 [Note] InnoDB: Initializing buffer pool, total size = 16M, instances = 1, chunk size = 16M
2021-05-03 10:11:54 0 [Note] InnoDB: Completed initialization of buffer pool
2021-05-03 10:11:54 0 [Note] InnoDB: Starting crash recovery from checkpoint LSN=789134
2021-05-03 10:11:55 0 [Note] InnoDB: 128 out of 128 rollback segments are active.
2021-05-03 10:11:55 0 [Note] InnoDB: Removed temporary tablespace data file: "ibtmp1"
2021-05-03 10:11:55 0 [Note] InnoDB: Creating shared tablespace for temporary tables
2021-05-03 10:11:55 0 [Note] InnoDB: Setting file 'C:\xampp\mysql\data\ibtmp1' size to 12 MB. Physically writing the file full; Please wait ...
2021-05-03 10:11:55 0 [Note] InnoDB: File 'C:\xampp\mysql\data\ibtmp1' size is now 12 MB.
2021-05-03 10:11:55 0 [Note] InnoDB: Waiting for purge to start
2021-05-03 10:11:55 0 [Note] InnoDB: 10.4.17 started; log sequence number 789143; transaction id 1100
2021-05-03 10:11:55 0 [Note] InnoDB: Loading buffer pool(s) from C:\xampp\mysql\data\ib_buffer_pool
2021-05-03 10:11:55 0 [Note] Plugin 'FEEDBACK' is disabled.
2021-05-03 10:11:55 0 [Note] InnoDB: Buffer pool(s) load completed at 210503 10:11:55
2021-05-03 10:11:55 0 [Note] Server socket created on IP: '::'.
InnoDB: using atomic writes.
2021-05-04 12:00:32 0 [Note] InnoDB: Mutexes and rw_locks use Windows interlocked functions
2021-05-04 12:00:32 0 [Note] InnoDB: Uses event mutexes
2021-05-04 12:00:32 0 [Note] InnoDB: Compressed tables use zlib 1.2.11
2021-05-04 12:00:32 0 [Note] InnoDB: Number of pools: 1
2021-05-04 12:00:32 0 [Note] InnoDB: Using SSE2 crc32 instructions
2021-05-04 12:00:32 0 [Note] InnoDB: Initializing buffer pool, total size = 16M, instances = 1, chunk size = 16M
2021-05-04 12:00:32 0 [Note] InnoDB: Completed initialization of buffer pool
2021-05-04 12:00:32 0 [Note] InnoDB: Starting crash recovery from checkpoint LSN=792186
2021-05-04 12:00:32 0 [Note] InnoDB: 128 out of 128 rollback segments are active.
2021-05-04 12:00:32 0 [Note] InnoDB: Removed temporary tablespace data file: "ibtmp1"
2021-05-04 12:00:32 0 [Note] InnoDB: Creating shared tablespace for temporary tables
2021-05-04 12:00:32 0 [Note] InnoDB: Setting file 'C:\xampp\mysql\data\ibtmp1' size to 12 MB. Physically writing the file full; Please wait ...
2021-05-04 12:00:32 0 [Note] InnoDB: File 'C:\xampp\mysql\data\ibtmp1' size is now 12 MB.
2021-05-04 12:00:32 0 [Note] InnoDB: Waiting for purge to start
2021-05-04 12:00:32 0 [Note] InnoDB: 10.4.17 started; log sequence number 792195; transaction id 1137
2021-05-04 12:00:32 0 [Note] InnoDB: Loading buffer pool(s) from C:\xampp\mysql\data\ib_buffer_pool
2021-05-04 12:00:32 0 [Note] Plugin 'FEEDBACK' is disabled.
2021-05-04 12:00:32 0 [Note] InnoDB: Buffer pool(s) load completed at 210504 12:00:32
2021-05-04 12:00:32 0 [Note] Server socket created on IP: '::'.
InnoDB: using atomic writes.
2021-05-05  9:05:47 0 [Note] InnoDB: Mutexes and rw_locks use Windows interlocked functions
2021-05-05  9:05:47 0 [Note] InnoDB: Uses event mutexes
2021-05-05  9:05:47 0 [Note] InnoDB: Compressed tables use zlib 1.2.11
2021-05-05  9:05:47 0 [Note] InnoDB: Number of pools: 1
2021-05-05  9:05:47 0 [Note] InnoDB: Using SSE2 crc32 instructions
2021-05-05  9:05:47 0 [Note] InnoDB: Initializing buffer pool, total size = 16M, instances = 1, chunk size = 16M
2021-05-05  9:05:47 0 [Note] InnoDB: Completed initialization of buffer pool
2021-05-05  9:05:47 0 [Note] InnoDB: Starting crash recovery from checkpoint LSN=799540
2021-05-05  9:05:47 0 [Note] InnoDB: 128 out of 128 rollback segments are active.
2021-05-05  9:05:47 0 [Note] InnoDB: Removed temporary tablespace data file: "ibtmp1"
2021-05-05  9:05:47 0 [Note] InnoDB: Creating shared tablespace for temporary tables
2021-05-05  9:05:47 0 [Note] InnoDB: Setting file 'C:\xampp\mysql\data\ibtmp1' size to 12 MB. Physically writing the file full; Please wait ...
2021-05-05  9:05:47 0 [Note] InnoDB: File 'C:\xampp\mysql\data\ibtmp1' size is now 12 MB.
2021-05-05  9:05:47 0 [Note] InnoDB: Waiting for purge to start
2021-05-05  9:05:47 0 [Note] InnoDB: 10.4.17 started; log sequence number 799549; transaction id 1188
2021-05-05  9:05:47 0 [Note] InnoDB: Loading buffer pool(s) from C:\xampp\mysql\data\ib_buffer_pool
2021-05-05  9:05:47 0 [Note] Plugin 'FEEDBACK' is disabled.
2021-05-05  9:05:47 0 [Note] InnoDB: Buffer pool(s) load completed at 210505  9:05:47
2021-05-05  9:05:47 0 [Note] Server socket created on IP: '::'.
InnoDB: using atomic writes.
2021-05-05 10:11:06 0 [Note] InnoDB: Mutexes and rw_locks use Windows interlocked functions
2021-05-05 10:11:06 0 [Note] InnoDB: Uses event mutexes
2021-05-05 10:11:06 0 [Note] InnoDB: Compressed tables use zlib 1.2.11
2021-05-05 10:11:06 0 [Note] InnoDB: Number of pools: 1
2021-05-05 10:11:06 0 [Note] InnoDB: Using SSE2 crc32 instructions
2021-05-05 10:11:06 0 [Note] InnoDB: Initializing buffer pool, total size = 16M, instances = 1, chunk size = 16M
2021-05-05 10:11:06 0 [Note] InnoDB: Completed initialization of buffer pool
2021-05-05 10:11:06 0 [Note] InnoDB: Starting crash recovery from checkpoint LSN=799875
2021-05-05 10:11:07 0 [Note] InnoDB: 128 out of 128 rollback segments are active.
2021-05-05 10:11:07 0 [Note] InnoDB: Removed temporary tablespace data file: "ibtmp1"
2021-05-05 10:11:07 0 [Note] InnoDB: Creating shared tablespace for temporary tables
2021-05-05 10:11:07 0 [Note] InnoDB: Setting file 'C:\xampp\mysql\data\ibtmp1' size to 12 MB. Physically writing the file full; Please wait ...
2021-05-05 10:11:07 0 [Note] InnoDB: File 'C:\xampp\mysql\data\ibtmp1' size is now 12 MB.
2021-05-05 10:11:07 0 [Note] InnoDB: Waiting for purge to start
2021-05-05 10:11:07 0 [Note] InnoDB: 10.4.17 started; log sequence number 799884; transaction id 1212
2021-05-05 10:11:07 0 [Note] InnoDB: Loading buffer pool(s) from C:\xampp\mysql\data\ib_buffer_pool
2021-05-05 10:11:07 0 [Note] Plugin 'FEEDBACK' is disabled.
2021-05-05 10:11:07 0 [Note] Server socket created on IP: '::'.
2021-05-05 10:11:07 0 [Note] InnoDB: Buffer pool(s) load completed at 210505 10:11:07
InnoDB: using atomic writes.
2021-05-05 10:32:48 0 [Note] InnoDB: Mutexes and rw_locks use Windows interlocked functions
2021-05-05 10:32:48 0 [Note] InnoDB: Uses event mutexes
2021-05-05 10:32:48 0 [Note] InnoDB: Compressed tables use zlib 1.2.11
2021-05-05 10:32:48 0 [Note] InnoDB: Number of pools: 1
2021-05-05 10:32:48 0 [Note] InnoDB: Using SSE2 crc32 instructions
2021-05-05 10:32:48 0 [Note] InnoDB: Initializing buffer pool, total size = 16M, instances = 1, chunk size = 16M
2021-05-05 10:32:48 0 [Note] InnoDB: Completed initialization of buffer pool
2021-05-05 10:32:48 0 [Note] InnoDB: Starting crash recovery from checkpoint LSN=800194
2021-05-05 10:32:48 0 [Note] InnoDB: 128 out of 128 rollback segments are active.
2021-05-05 10:32:48 0 [Note] InnoDB: Removed temporary tablespace data file: "ibtmp1"
2021-05-05 10:32:48 0 [Note] InnoDB: Creating shared tablespace for temporary tables
2021-05-05 10:32:48 0 [Note] InnoDB: Setting file 'C:\xampp\mysql\data\ibtmp1' size to 12 MB. Physically writing the file full; Please wait ...
2021-05-05 10:32:48 0 [Note] InnoDB: File 'C:\xampp\mysql\data\ibtmp1' size is now 12 MB.
2021-05-05 10:32:48 0 [Note] InnoDB: Waiting for purge to start
2021-05-05 10:32:48 0 [Note] InnoDB: 10.4.17 started; log sequence number 800203; transaction id 1239
2021-05-05 10:32:48 0 [Note] InnoDB: Loading buffer pool(s) from C:\xampp\mysql\data\ib_buffer_pool
2021-05-05 10:32:48 0 [Note] Plugin 'FEEDBACK' is disabled.
2021-05-05 10:32:48 0 [Note] Server socket created on IP: '::'.
InnoDB: using atomic writes.
2021-05-05 14:16:12 0 [Note] InnoDB: Mutexes and rw_locks use Windows interlocked functions
2021-05-05 14:16:12 0 [Note] InnoDB: Uses event mutexes
2021-05-05 14:16:12 0 [Note] InnoDB: Compressed tables use zlib 1.2.11
2021-05-05 14:16:12 0 [Note] InnoDB: Number of pools: 1
2021-05-05 14:16:12 0 [Note] InnoDB: Using SSE2 crc32 instructions
2021-05-05 14:16:12 0 [Note] InnoDB: Initializing buffer pool, total size = 16M, instances = 1, chunk size = 16M
2021-05-05 14:16:12 0 [Note] InnoDB: Completed initialization of buffer pool
2021-05-05 14:16:12 0 [Note] InnoDB: Starting crash recovery from checkpoint LSN=814635
2021-05-05 14:16:12 0 [Note] InnoDB: 128 out of 128 rollback segments are active.
2021-05-05 14:16:12 0 [Note] InnoDB: Removed temporary tablespace data file: "ibtmp1"
2021-05-05 14:16:12 0 [Note] InnoDB: Creating shared tablespace for temporary tables
2021-05-05 14:16:12 0 [Note] InnoDB: Setting file 'C:\xampp\mysql\data\ibtmp1' size to 12 MB. Physically writing the file full; Please wait ...
2021-05-05 14:16:12 0 [Note] InnoDB: File 'C:\xampp\mysql\data\ibtmp1' size is now 12 MB.
2021-05-05 14:16:12 0 [Note] InnoDB: Waiting for purge to start
2021-05-05 14:16:12 0 [Note] InnoDB: 10.4.17 started; log sequence number 814644; transaction id 1282
2021-05-05 14:16:12 0 [Note] InnoDB: Loading buffer pool(s) from C:\xampp\mysql\data\ib_buffer_pool
2021-05-05 14:16:12 0 [Note] Plugin 'FEEDBACK' is disabled.
2021-05-05 14:16:12 0 [Note] InnoDB: Buffer pool(s) load completed at 210505 14:16:12
2021-05-05 14:16:12 0 [Note] Server socket created on IP: '::'.
InnoDB: using atomic writes.
2021-05-05 16:17:05 0 [Note] InnoDB: Mutexes and rw_locks use Windows interlocked functions
2021-05-05 16:17:05 0 [Note] InnoDB: Uses event mutexes
2021-05-05 16:17:05 0 [Note] InnoDB: Compressed tables use zlib 1.2.11
2021-05-05 16:17:05 0 [Note] InnoDB: Number of pools: 1
2021-05-05 16:17:05 0 [Note] InnoDB: Using SSE2 crc32 instructions
2021-05-05 16:17:05 0 [Note] InnoDB: Initializing buffer pool, total size = 16M, instances = 1, chunk size = 16M
2021-05-05 16:17:05 0 [Note] InnoDB: Completed initialization of buffer pool
2021-05-05 16:17:05 0 [Note] InnoDB: Starting crash recovery from checkpoint LSN=814653
2021-05-05 16:17:05 0 [Note] InnoDB: 128 out of 128 rollback segments are active.
2021-05-05 16:17:05 0 [Note] InnoDB: Removed temporary tablespace data file: "ibtmp1"
2021-05-05 16:17:05 0 [Note] InnoDB: Creating shared tablespace for temporary tables
2021-05-05 16:17:05 0 [Note] InnoDB: Setting file 'C:\xampp\mysql\data\ibtmp1' size to 12 MB. Physically writing the file full; Please wait ...
2021-05-05 16:17:05 0 [Note] InnoDB: File 'C:\xampp\mysql\data\ibtmp1' size is now 12 MB.
2021-05-05 16:17:05 0 [Note] InnoDB: Waiting for purge to start
2021-05-05 16:17:05 0 [Note] InnoDB: 10.4.17 started; log sequence number 814662; transaction id 1282
2021-05-05 16:17:05 0 [Note] InnoDB: Loading buffer pool(s) from C:\xampp\mysql\data\ib_buffer_pool
2021-05-05 16:17:05 0 [Note] Plugin 'FEEDBACK' is disabled.
2021-05-05 16:17:05 0 [Note] Server socket created on IP: '::'.
InnoDB: using atomic writes.
2021-05-06 10:03:58 0 [Note] InnoDB: Mutexes and rw_locks use Windows interlocked functions
2021-05-06 10:03:58 0 [Note] InnoDB: Uses event mutexes
2021-05-06 10:03:58 0 [Note] InnoDB: Compressed tables use zlib 1.2.11
2021-05-06 10:03:58 0 [Note] InnoDB: Number of pools: 1
2021-05-06 10:03:58 0 [Note] InnoDB: Using SSE2 crc32 instructions
2021-05-06 10:03:58 0 [Note] InnoDB: Initializing buffer pool, total size = 16M, instances = 1, chunk size = 16M
2021-05-06 10:03:58 0 [Note] InnoDB: Completed initialization of buffer pool
2021-05-06 10:03:58 0 [Note] InnoDB: Starting crash recovery from checkpoint LSN=867999
2021-05-06 10:03:58 0 [Note] InnoDB: 128 out of 128 rollback segments are active.
2021-05-06 10:03:58 0 [Note] InnoDB: Removed temporary tablespace data file: "ibtmp1"
2021-05-06 10:03:58 0 [Note] InnoDB: Creating shared tablespace for temporary tables
2021-05-06 10:03:58 0 [Note] InnoDB: Setting file 'C:\xampp\mysql\data\ibtmp1' size to 12 MB. Physically writing the file full; Please wait ...
2021-05-06 10:03:58 0 [Note] InnoDB: File 'C:\xampp\mysql\data\ibtmp1' size is now 12 MB.
2021-05-06 10:03:58 0 [Note] InnoDB: Waiting for purge to start
2021-05-06 10:03:58 0 [Note] InnoDB: 10.4.17 started; log sequence number 868008; transaction id 1389
2021-05-06 10:03:58 0 [Note] Plugin 'FEEDBACK' is disabled.
2021-05-06 10:03:58 0 [Note] InnoDB: Loading buffer pool(s) from C:\xampp\mysql\data\ib_buffer_pool
2021-05-06 10:03:58 0 [Note] Server socket created on IP: '::'.
InnoDB: using atomic writes.
2021-05-06 13:48:02 0 [Note] InnoDB: Mutexes and rw_locks use Windows interlocked functions
2021-05-06 13:48:02 0 [Note] InnoDB: Uses event mutexes
2021-05-06 13:48:02 0 [Note] InnoDB: Compressed tables use zlib 1.2.11
2021-05-06 13:48:02 0 [Note] InnoDB: Number of pools: 1
2021-05-06 13:48:02 0 [Note] InnoDB: Using SSE2 crc32 instructions
2021-05-06 13:48:02 0 [Note] InnoDB: Initializing buffer pool, total size = 16M, instances = 1, chunk size = 16M
2021-05-06 13:48:02 0 [Note] InnoDB: Completed initialization of buffer pool
2021-05-06 13:48:02 0 [Note] InnoDB: Starting crash recovery from checkpoint LSN=870824
2021-05-06 13:48:02 0 [Note] InnoDB: 128 out of 128 rollback segments are active.
2021-05-06 13:48:02 0 [Note] InnoDB: Removed temporary tablespace data file: "ibtmp1"
2021-05-06 13:48:02 0 [Note] InnoDB: Creating shared tablespace for temporary tables
2021-05-06 13:48:02 0 [Note] InnoDB: Setting file 'C:\xampp\mysql\data\ibtmp1' size to 12 MB. Physically writing the file full; Please wait ...
2021-05-06 13:48:02 0 [Note] InnoDB: File 'C:\xampp\mysql\data\ibtmp1' size is now 12 MB.
2021-05-06 13:48:02 0 [Note] InnoDB: Waiting for purge to start
2021-05-06 13:48:02 0 [Note] InnoDB: 10.4.17 started; log sequence number 870833; transaction id 1406
2021-05-06 13:48:02 0 [Note] InnoDB: Loading buffer pool(s) from C:\xampp\mysql\data\ib_buffer_pool
2021-05-06 13:48:02 0 [Note] Plugin 'FEEDBACK' is disabled.
2021-05-06 13:48:02 0 [Note] Server socket created on IP: '::'.
InnoDB: using atomic writes.
2021-05-06 16:58:49 0 [Note] InnoDB: Mutexes and rw_locks use Windows interlocked functions
2021-05-06 16:58:49 0 [Note] InnoDB: Uses event mutexes
2021-05-06 16:58:49 0 [Note] InnoDB: Compressed tables use zlib 1.2.11
2021-05-06 16:58:49 0 [Note] InnoDB: Number of pools: 1
2021-05-06 16:58:49 0 [Note] InnoDB: Using SSE2 crc32 instructions
2021-05-06 16:58:49 0 [Note] InnoDB: Initializing buffer pool, total size = 16M, instances = 1, chunk size = 16M
2021-05-06 16:58:49 0 [Note] InnoDB: Completed initialization of buffer pool
2021-05-06 16:58:49 0 [Note] InnoDB: Starting crash recovery from checkpoint LSN=2062076
2021-05-06 16:58:49 0 [Note] InnoDB: 128 out of 128 rollback segments are active.
2021-05-06 16:58:49 0 [Note] InnoDB: Removed temporary tablespace data file: "ibtmp1"
2021-05-06 16:58:49 0 [Note] InnoDB: Creating shared tablespace for temporary tables
2021-05-06 16:58:49 0 [Note] InnoDB: Setting file 'C:\xampp\mysql\data\ibtmp1' size to 12 MB. Physically writing the file full; Please wait ...
2021-05-06 16:58:49 0 [Note] InnoDB: File 'C:\xampp\mysql\data\ibtmp1' size is now 12 MB.
2021-05-06 16:58:49 0 [Note] InnoDB: Waiting for purge to start
2021-05-06 16:58:49 0 [Note] InnoDB: 10.4.17 started; log sequence number 2062085; transaction id 1950
2021-05-06 16:58:49 0 [Note] InnoDB: Loading buffer pool(s) from C:\xampp\mysql\data\ib_buffer_pool
2021-05-06 16:58:49 0 [Note] Plugin 'FEEDBACK' is disabled.
2021-05-06 16:58:49 0 [Note] Server socket created on IP: '::'.
InnoDB: using atomic writes.
2021-05-07  9:19:40 0 [Note] InnoDB: Mutexes and rw_locks use Windows interlocked functions
2021-05-07  9:19:40 0 [Note] InnoDB: Uses event mutexes
2021-05-07  9:19:40 0 [Note] InnoDB: Compressed tables use zlib 1.2.11
2021-05-07  9:19:40 0 [Note] InnoDB: Number of pools: 1
2021-05-07  9:19:40 0 [Note] InnoDB: Using SSE2 crc32 instructions
2021-05-07  9:19:40 0 [Note] InnoDB: Initializing buffer pool, total size = 16M, instances = 1, chunk size = 16M
2021-05-07  9:19:40 0 [Note] InnoDB: Completed initialization of buffer pool
2021-05-07  9:19:40 0 [Note] InnoDB: Starting crash recovery from checkpoint LSN=2367377
2021-05-07  9:19:40 0 [Note] InnoDB: 128 out of 128 rollback segments are active.
2021-05-07  9:19:40 0 [Note] InnoDB: Removed temporary tablespace data file: "ibtmp1"
2021-05-07  9:19:40 0 [Note] InnoDB: Creating shared tablespace for temporary tables
2021-05-07  9:19:40 0 [Note] InnoDB: Setting file 'C:\xampp\mysql\data\ibtmp1' size to 12 MB. Physically writing the file full; Please wait ...
2021-05-07  9:19:40 0 [Note] InnoDB: File 'C:\xampp\mysql\data\ibtmp1' size is now 12 MB.
2021-05-07  9:19:40 0 [Note] InnoDB: Waiting for purge to start
2021-05-07  9:19:40 0 [Note] InnoDB: 10.4.17 started; log sequence number 2367386; transaction id 2225
2021-05-07  9:19:40 0 [Note] InnoDB: Loading buffer pool(s) from C:\xampp\mysql\data\ib_buffer_pool
2021-05-07  9:19:40 0 [Note] Plugin 'FEEDBACK' is disabled.
2021-05-07  9:19:40 0 [Note] InnoDB: Buffer pool(s) load completed at 210507  9:19:40
2021-05-07  9:19:40 0 [Note] Server socket created on IP: '::'.
InnoDB: using atomic writes.
2021-05-07  9:19:44 0 [Note] InnoDB: Mutexes and rw_locks use Windows interlocked functions
2021-05-07  9:19:44 0 [Note] InnoDB: Uses event mutexes
2021-05-07  9:19:44 0 [Note] InnoDB: Compressed tables use zlib 1.2.11
2021-05-07  9:19:44 0 [Note] InnoDB: Number of pools: 1
2021-05-07  9:19:44 0 [Note] InnoDB: Using SSE2 crc32 instructions
2021-05-07  9:19:44 0 [Note] InnoDB: Initializing buffer pool, total size = 16M, instances = 1, chunk size = 16M
2021-05-07  9:19:44 0 [Note] InnoDB: Completed initialization of buffer pool
2021-05-07  9:19:44 0 [Note] InnoDB: 128 out of 128 rollback segments are active.
2021-05-07  9:19:44 0 [Note] InnoDB: Creating shared tablespace for temporary tables
2021-05-07  9:19:44 0 [Note] InnoDB: Setting file 'C:\xampp\mysql\data\ibtmp1' size to 12 MB. Physically writing the file full; Please wait ...
2021-05-07  9:19:44 0 [Note] InnoDB: File 'C:\xampp\mysql\data\ibtmp1' size is now 12 MB.
2021-05-07  9:19:44 0 [Note] InnoDB: Waiting for purge to start
2021-05-07  9:19:44 0 [Note] InnoDB: 10.4.17 started; log sequence number 2367395; transaction id 2225
2021-05-07  9:19:44 0 [Note] InnoDB: Loading buffer pool(s) from C:\xampp\mysql\data\ib_buffer_pool
2021-05-07  9:19:44 0 [Note] Plugin 'FEEDBACK' is disabled.
2021-05-07  9:19:44 0 [Note] Server socket created on IP: '::'.
InnoDB: using atomic writes.
2021-05-07  9:20:08 0 [Note] InnoDB: Mutexes and rw_locks use Windows interlocked functions
2021-05-07  9:20:08 0 [Note] InnoDB: Uses event mutexes
2021-05-07  9:20:08 0 [Note] InnoDB: Compressed tables use zlib 1.2.11
2021-05-07  9:20:08 0 [Note] InnoDB: Number of pools: 1
2021-05-07  9:20:08 0 [Note] InnoDB: Using SSE2 crc32 instructions
2021-05-07  9:20:08 0 [Note] InnoDB: Initializing buffer pool, total size = 16M, instances = 1, chunk size = 16M
2021-05-07  9:20:08 0 [Note] InnoDB: Completed initialization of buffer pool
2021-05-07  9:20:08 0 [Note] InnoDB: 128 out of 128 rollback segments are active.
2021-05-07  9:20:08 0 [Note] InnoDB: Creating shared tablespace for temporary tables
2021-05-07  9:20:08 0 [Note] InnoDB: Setting file 'C:\xampp\mysql\data\ibtmp1' size to 12 MB. Physically writing the file full; Please wait ...
2021-05-07  9:20:08 0 [Note] InnoDB: File 'C:\xampp\mysql\data\ibtmp1' size is now 12 MB.
2021-05-07  9:20:08 0 [Note] InnoDB: Waiting for purge to start
2021-05-07  9:20:08 0 [Note] InnoDB: 10.4.17 started; log sequence number 2367404; transaction id 2225
2021-05-07  9:20:08 0 [Note] InnoDB: Loading buffer pool(s) from C:\xampp\mysql\data\ib_buffer_pool
2021-05-07  9:20:08 0 [Note] Plugin 'FEEDBACK' is disabled.
2021-05-07  9:20:08 0 [Note] Server socket created on IP: '::'.
InnoDB: using atomic writes.
2021-05-07  9:20:18 0 [Note] InnoDB: Mutexes and rw_locks use Windows interlocked functions
2021-05-07  9:20:18 0 [Note] InnoDB: Uses event mutexes
2021-05-07  9:20:18 0 [Note] InnoDB: Compressed tables use zlib 1.2.11
2021-05-07  9:20:18 0 [Note] InnoDB: Number of pools: 1
2021-05-07  9:20:18 0 [Note] InnoDB: Using SSE2 crc32 instructions
2021-05-07  9:20:18 0 [Note] InnoDB: Initializing buffer pool, total size = 16M, instances = 1, chunk size = 16M
2021-05-07  9:20:18 0 [Note] InnoDB: Completed initialization of buffer pool
2021-05-07  9:20:18 0 [Note] InnoDB: 128 out of 128 rollback segments are active.
2021-05-07  9:20:18 0 [Note] InnoDB: Creating shared tablespace for temporary tables
2021-05-07  9:20:18 0 [Note] InnoDB: Setting file 'C:\xampp\mysql\data\ibtmp1' size to 12 MB. Physically writing the file full; Please wait ...
2021-05-07  9:20:18 0 [Note] InnoDB: File 'C:\xampp\mysql\data\ibtmp1' size is now 12 MB.
2021-05-07  9:20:18 0 [Note] InnoDB: Waiting for purge to start
2021-05-07  9:20:19 0 [Note] InnoDB: 10.4.17 started; log sequence number 2367413; transaction id 2225
2021-05-07  9:20:19 0 [Note] InnoDB: Loading buffer pool(s) from C:\xampp\mysql\data\ib_buffer_pool
2021-05-07  9:20:19 0 [Note] Plugin 'FEEDBACK' is disabled.
2021-05-07  9:20:19 0 [Note] Server socket created on IP: '::'.
InnoDB: using atomic writes.
2021-05-07  9:20:22 0 [Note] InnoDB: Mutexes and rw_locks use Windows interlocked functions
2021-05-07  9:20:22 0 [Note] InnoDB: Uses event mutexes
2021-05-07  9:20:22 0 [Note] InnoDB: Compressed tables use zlib 1.2.11
2021-05-07  9:20:22 0 [Note] InnoDB: Number of pools: 1
2021-05-07  9:20:22 0 [Note] InnoDB: Using SSE2 crc32 instructions
2021-05-07  9:20:22 0 [Note] InnoDB: Initializing buffer pool, total size = 16M, instances = 1, chunk size = 16M
2021-05-07  9:20:22 0 [Note] InnoDB: Completed initialization of buffer pool
2021-05-07  9:20:23 0 [Note] InnoDB: 128 out of 128 rollback segments are active.
2021-05-07  9:20:23 0 [Note] InnoDB: Creating shared tablespace for temporary tables
2021-05-07  9:20:23 0 [Note] InnoDB: Setting file 'C:\xampp\mysql\data\ibtmp1' size to 12 MB. Physically writing the file full; Please wait ...
2021-05-07  9:20:23 0 [Note] InnoDB: File 'C:\xampp\mysql\data\ibtmp1' size is now 12 MB.
2021-05-07  9:20:23 0 [Note] InnoDB: Waiting for purge to start
2021-05-07  9:20:23 0 [Note] InnoDB: 10.4.17 started; log sequence number 2367422; transaction id 2225
2021-05-07  9:20:23 0 [Note] InnoDB: Loading buffer pool(s) from C:\xampp\mysql\data\ib_buffer_pool
2021-05-07  9:20:23 0 [Note] Plugin 'FEEDBACK' is disabled.
2021-05-07  9:20:23 0 [Note] Server socket created on IP: '::'.
InnoDB: using atomic writes.
2021-05-07  9:20:44 0 [Note] InnoDB: Mutexes and rw_locks use Windows interlocked functions
2021-05-07  9:20:44 0 [Note] InnoDB: Uses event mutexes
2021-05-07  9:20:44 0 [Note] InnoDB: Compressed tables use zlib 1.2.11
2021-05-07  9:20:44 0 [Note] InnoDB: Number of pools: 1
2021-05-07  9:20:44 0 [Note] InnoDB: Using SSE2 crc32 instructions
2021-05-07  9:20:44 0 [Note] InnoDB: Initializing buffer pool, total size = 16M, instances = 1, chunk size = 16M
2021-05-07  9:20:44 0 [Note] InnoDB: Completed initialization of buffer pool
2021-05-07  9:20:44 0 [Note] InnoDB: 128 out of 128 rollback segments are active.
2021-05-07  9:20:44 0 [Note] InnoDB: Creating shared tablespace for temporary tables
2021-05-07  9:20:44 0 [Note] InnoDB: Setting file 'C:\xampp\mysql\data\ibtmp1' size to 12 MB. Physically writing the file full; Please wait ...
2021-05-07  9:20:44 0 [Note] InnoDB: File 'C:\xampp\mysql\data\ibtmp1' size is now 12 MB.
2021-05-07  9:20:44 0 [Note] InnoDB: Waiting for purge to start
2021-05-07  9:20:44 0 [Note] InnoDB: 10.4.17 started; log sequence number 2367431; transaction id 2225
2021-05-07  9:20:44 0 [Note] InnoDB: Loading buffer pool(s) from C:\xampp\mysql\data\ib_buffer_pool
2021-05-07  9:20:44 0 [Note] Plugin 'FEEDBACK' is disabled.
2021-05-07  9:20:44 0 [Note] Server socket created on IP: '::'.
InnoDB: using atomic writes.
2021-05-07  9:23:26 0 [Note] InnoDB: Mutexes and rw_locks use Windows interlocked functions
2021-05-07  9:23:26 0 [Note] InnoDB: Uses event mutexes
2021-05-07  9:23:26 0 [Note] InnoDB: Compressed tables use zlib 1.2.11
2021-05-07  9:23:26 0 [Note] InnoDB: Number of pools: 1
2021-05-07  9:23:26 0 [Note] InnoDB: Using SSE2 crc32 instructions
2021-05-07  9:23:26 0 [Note] InnoDB: Initializing buffer pool, total size = 16M, instances = 1, chunk size = 16M
2021-05-07  9:23:26 0 [Note] InnoDB: Completed initialization of buffer pool
2021-05-07  9:23:26 0 [Note] InnoDB: 128 out of 128 rollback segments are active.
2021-05-07  9:23:26 0 [Note] InnoDB: Creating shared tablespace for temporary tables
2021-05-07  9:23:26 0 [Note] InnoDB: Setting file 'C:\xampp\mysql\data\ibtmp1' size to 12 MB. Physically writing the file full; Please wait ...
2021-05-07  9:23:26 0 [Note] InnoDB: File 'C:\xampp\mysql\data\ibtmp1' size is now 12 MB.
2021-05-07  9:23:26 0 [Note] InnoDB: Waiting for purge to start
2021-05-07  9:23:26 0 [Note] InnoDB: 10.4.17 started; log sequence number 2367440; transaction id 2225
2021-05-07  9:23:26 0 [Note] InnoDB: Loading buffer pool(s) from C:\xampp\mysql\data\ib_buffer_pool
2021-05-07  9:23:26 0 [Note] Plugin 'FEEDBACK' is disabled.
2021-05-07  9:23:26 0 [Note] Server socket created on IP: '::'.
InnoDB: using atomic writes.
2021-05-07  9:25:33 0 [Note] InnoDB: Mutexes and rw_locks use Windows interlocked functions
2021-05-07  9:25:33 0 [Note] InnoDB: Uses event mutexes
2021-05-07  9:25:33 0 [Note] InnoDB: Compressed tables use zlib 1.2.11
2021-05-07  9:25:33 0 [Note] InnoDB: Number of pools: 1
2021-05-07  9:25:33 0 [Note] InnoDB: Using SSE2 crc32 instructions
2021-05-07  9:25:33 0 [Note] InnoDB: Initializing buffer pool, total size = 16M, instances = 1, chunk size = 16M
2021-05-07  9:25:33 0 [Note] InnoDB: Completed initialization of buffer pool
2021-05-07  9:25:33 0 [Note] InnoDB: 128 out of 128 rollback segments are active.
2021-05-07  9:25:33 0 [Note] InnoDB: Creating shared tablespace for temporary tables
2021-05-07  9:25:33 0 [Note] InnoDB: Setting file 'C:\xampp\mysql\data\ibtmp1' size to 12 MB. Physically writing the file full; Please wait ...
2021-05-07  9:25:33 0 [Note] InnoDB: File 'C:\xampp\mysql\data\ibtmp1' size is now 12 MB.
2021-05-07  9:25:33 0 [Note] InnoDB: Waiting for purge to start
2021-05-07  9:25:33 0 [Note] InnoDB: 10.4.17 started; log sequence number 2367449; transaction id 2225
2021-05-07  9:25:33 0 [Note] InnoDB: Loading buffer pool(s) from C:\xampp\mysql\data\ib_buffer_pool
2021-05-07  9:25:33 0 [Note] Plugin 'FEEDBACK' is disabled.
2021-05-07  9:25:33 0 [Note] Server socket created on IP: '::'.
InnoDB: using atomic writes.
2021-05-07  9:25:35 0 [Note] InnoDB: Mutexes and rw_locks use Windows interlocked functions
2021-05-07  9:25:35 0 [Note] InnoDB: Uses event mutexes
2021-05-07  9:25:35 0 [Note] InnoDB: Compressed tables use zlib 1.2.11
2021-05-07  9:25:35 0 [Note] InnoDB: Number of pools: 1
2021-05-07  9:25:35 0 [Note] InnoDB: Using SSE2 crc32 instructions
2021-05-07  9:25:35 0 [Note] InnoDB: Initializing buffer pool, total size = 16M, instances = 1, chunk size = 16M
2021-05-07  9:25:35 0 [Note] InnoDB: Completed initialization of buffer pool
2021-05-07  9:25:35 0 [Note] InnoDB: 128 out of 128 rollback segments are active.
2021-05-07  9:25:35 0 [Note] InnoDB: Creating shared tablespace for temporary tables
2021-05-07  9:25:35 0 [Note] InnoDB: Setting file 'C:\xampp\mysql\data\ibtmp1' size to 12 MB. Physically writing the file full; Please wait ...
2021-05-07  9:25:35 0 [Note] InnoDB: File 'C:\xampp\mysql\data\ibtmp1' size is now 12 MB.
2021-05-07  9:25:35 0 [Note] InnoDB: Waiting for purge to start
2021-05-07  9:25:35 0 [Note] InnoDB: 10.4.17 started; log sequence number 2367458; transaction id 2225
2021-05-07  9:25:35 0 [Note] InnoDB: Loading buffer pool(s) from C:\xampp\mysql\data\ib_buffer_pool
2021-05-07  9:25:35 0 [Note] Plugin 'FEEDBACK' is disabled.
2021-05-07  9:25:35 0 [Note] Server socket created on IP: '::'.
InnoDB: using atomic writes.
2021-05-07  9:25:49 0 [Note] InnoDB: Mutexes and rw_locks use Windows interlocked functions
2021-05-07  9:25:49 0 [Note] InnoDB: Uses event mutexes
2021-05-07  9:25:49 0 [Note] InnoDB: Compressed tables use zlib 1.2.11
2021-05-07  9:25:49 0 [Note] InnoDB: Number of pools: 1
2021-05-07  9:25:49 0 [Note] InnoDB: Using SSE2 crc32 instructions
2021-05-07  9:25:49 0 [Note] InnoDB: Initializing buffer pool, total size = 16M, instances = 1, chunk size = 16M
2021-05-07  9:25:49 0 [Note] InnoDB: Completed initialization of buffer pool
2021-05-07  9:25:49 0 [Note] InnoDB: 128 out of 128 rollback segments are active.
2021-05-07  9:25:49 0 [Note] InnoDB: Creating shared tablespace for temporary tables
2021-05-07  9:25:49 0 [Note] InnoDB: Setting file 'C:\xampp\mysql\data\ibtmp1' size to 12 MB. Physically writing the file full; Please wait ...
2021-05-07  9:25:49 0 [Note] InnoDB: File 'C:\xampp\mysql\data\ibtmp1' size is now 12 MB.
2021-05-07  9:25:49 0 [Note] InnoDB: Waiting for purge to start
2021-05-07  9:25:49 0 [Note] InnoDB: 10.4.17 started; log sequence number 2367467; transaction id 2225
2021-05-07  9:25:49 0 [Note] InnoDB: Loading buffer pool(s) from C:\xampp\mysql\data\ib_buffer_pool
2021-05-07  9:25:49 0 [Note] Plugin 'FEEDBACK' is disabled.
2021-05-07  9:25:49 0 [Note] Server socket created on IP: '::'.
InnoDB: using atomic writes.
2021-05-07  9:26:09 0 [Note] InnoDB: Mutexes and rw_locks use Windows interlocked functions
2021-05-07  9:26:09 0 [Note] InnoDB: Uses event mutexes
2021-05-07  9:26:09 0 [Note] InnoDB: Compressed tables use zlib 1.2.11
2021-05-07  9:26:09 0 [Note] InnoDB: Number of pools: 1
2021-05-07  9:26:09 0 [Note] InnoDB: Using SSE2 crc32 instructions
2021-05-07  9:26:09 0 [Note] InnoDB: Initializing buffer pool, total size = 16M, instances = 1, chunk size = 16M
2021-05-07  9:26:09 0 [Note] InnoDB: Completed initialization of buffer pool
2021-05-07  9:26:09 0 [Note] InnoDB: 128 out of 128 rollback segments are active.
2021-05-07  9:26:09 0 [Note] InnoDB: Creating shared tablespace for temporary tables
2021-05-07  9:26:09 0 [Note] InnoDB: Setting file 'C:\xampp\mysql\data\ibtmp1' size to 12 MB. Physically writing the file full; Please wait ...
2021-05-07  9:26:09 0 [Note] InnoDB: File 'C:\xampp\mysql\data\ibtmp1' size is now 12 MB.
2021-05-07  9:26:12 0 [Note] InnoDB: Waiting for purge to start
2021-05-07  9:26:12 0 [Note] InnoDB: 10.4.17 started; log sequence number 2367476; transaction id 2225
2021-05-07  9:26:12 0 [Note] Plugin 'FEEDBACK' is disabled.
2021-05-07  9:26:12 0 [Note] InnoDB: Loading buffer pool(s) from C:\xampp\mysql\data\ib_buffer_pool
2021-05-07  9:26:12 0 [Note] Server socket created on IP: '::'.
InnoDB: using atomic writes.
2021-05-07  9:26:15 0 [Note] InnoDB: Mutexes and rw_locks use Windows interlocked functions
2021-05-07  9:26:15 0 [Note] InnoDB: Uses event mutexes
2021-05-07  9:26:15 0 [Note] InnoDB: Compressed tables use zlib 1.2.11
2021-05-07  9:26:15 0 [Note] InnoDB: Number of pools: 1
2021-05-07  9:26:15 0 [Note] InnoDB: Using SSE2 crc32 instructions
2021-05-07  9:26:15 0 [Note] InnoDB: Initializing buffer pool, total size = 16M, instances = 1, chunk size = 16M
2021-05-07  9:26:15 0 [Note] InnoDB: Completed initialization of buffer pool
2021-05-07  9:26:15 0 [Note] InnoDB: 128 out of 128 rollback segments are active.
2021-05-07  9:26:15 0 [Note] InnoDB: Creating shared tablespace for temporary tables
2021-05-07  9:26:15 0 [Note] InnoDB: Setting file 'C:\xampp\mysql\data\ibtmp1' size to 12 MB. Physically writing the file full; Please wait ...
2021-05-07  9:26:15 0 [Note] InnoDB: File 'C:\xampp\mysql\data\ibtmp1' size is now 12 MB.
2021-05-07  9:26:15 0 [Note] InnoDB: Waiting for purge to start
2021-05-07  9:26:15 0 [Note] InnoDB: 10.4.17 started; log sequence number 2367501; transaction id 2225
2021-05-07  9:26:15 0 [Note] InnoDB: Loading buffer pool(s) from C:\xampp\mysql\data\ib_buffer_pool
2021-05-07  9:26:15 0 [Note] Plugin 'FEEDBACK' is disabled.
2021-05-07  9:26:15 0 [Note] Server socket created on IP: '::'.
