[Fri Feb 19 00:18:11.329569 2021] [ssl:warn] [pid 9180:tid 596] AH01909: www.example.com:443:0 server certificate does NOT include an ID which matches the server name
[Fri Feb 19 00:18:11.412566 2021] [ssl:warn] [pid 9180:tid 596] AH01909: www.example.com:443:0 server certificate does NOT include an ID which matches the server name
[Fri Feb 19 00:18:11.458569 2021] [mpm_winnt:notice] [pid 9180:tid 596] AH00455: Apache/2.4.46 (Win64) OpenSSL/1.1.1h PHP/8.0.2 configured -- resuming normal operations
[Fri Feb 19 00:18:11.458569 2021] [mpm_winnt:notice] [pid 9180:tid 596] AH00456: Apache Lounge VS16 Server built: Oct  2 2020 11:45:39
[Fri Feb 19 00:18:11.458569 2021] [core:notice] [pid 9180:tid 596] AH00094: Command line: 'C:\\xampp\\apache\\bin\\httpd.exe -d C:/xampp/apache'
[Fri Feb 19 00:18:11.464567 2021] [mpm_winnt:notice] [pid 9180:tid 596] AH00418: Parent: Created child process 6240
[Fri Feb 19 00:18:12.015608 2021] [ssl:warn] [pid 6240:tid 604] AH01909: www.example.com:443:0 server certificate does NOT include an ID which matches the server name
[Fri Feb 19 00:18:12.083613 2021] [ssl:warn] [pid 6240:tid 604] AH01909: www.example.com:443:0 server certificate does NOT include an ID which matches the server name
[Fri Feb 19 00:18:12.123617 2021] [mpm_winnt:notice] [pid 6240:tid 604] AH00354: Child: Starting 150 worker threads.
[Fri Feb 19 14:12:38.476231 2021] [ssl:warn] [pid 10200:tid 652] AH01909: www.example.com:443:0 server certificate does NOT include an ID which matches the server name
[Fri Feb 19 14:12:38.543790 2021] [ssl:warn] [pid 10200:tid 652] AH01909: www.example.com:443:0 server certificate does NOT include an ID which matches the server name
[Fri Feb 19 14:12:38.629019 2021] [mpm_winnt:notice] [pid 10200:tid 652] AH00455: Apache/2.4.46 (Win64) OpenSSL/1.1.1h PHP/8.0.2 configured -- resuming normal operations
[Fri Feb 19 14:12:38.629019 2021] [mpm_winnt:notice] [pid 10200:tid 652] AH00456: Apache Lounge VS16 Server built: Oct  2 2020 11:45:39
[Fri Feb 19 14:12:38.629019 2021] [core:notice] [pid 10200:tid 652] AH00094: Command line: 'c:\\xampp\\apache\\bin\\httpd.exe -d C:/xampp/apache'
[Fri Feb 19 14:12:38.634020 2021] [mpm_winnt:notice] [pid 10200:tid 652] AH00418: Parent: Created child process 12824
[Fri Feb 19 14:12:39.100357 2021] [ssl:warn] [pid 12824:tid 660] AH01909: www.example.com:443:0 server certificate does NOT include an ID which matches the server name
[Fri Feb 19 14:12:39.161467 2021] [ssl:warn] [pid 12824:tid 660] AH01909: www.example.com:443:0 server certificate does NOT include an ID which matches the server name
[Fri Feb 19 14:12:39.188440 2021] [mpm_winnt:notice] [pid 12824:tid 660] AH00354: Child: Starting 150 worker threads.
[Sat Feb 20 14:28:19.352731 2021] [ssl:warn] [pid 18800:tid 564] AH01909: www.example.com:443:0 server certificate does NOT include an ID which matches the server name
[Sat Feb 20 14:28:19.420736 2021] [core:warn] [pid 18800:tid 564] AH00098: pid file C:/xampp/apache/logs/httpd.pid overwritten -- Unclean shutdown of previous Apache run?
[Sat Feb 20 14:28:19.431739 2021] [ssl:warn] [pid 18800:tid 564] AH01909: www.example.com:443:0 server certificate does NOT include an ID which matches the server name
[Sat Feb 20 14:28:19.791472 2021] [mpm_winnt:notice] [pid 18800:tid 564] AH00455: Apache/2.4.46 (Win64) OpenSSL/1.1.1h PHP/8.0.2 configured -- resuming normal operations
[Sat Feb 20 14:28:19.791472 2021] [mpm_winnt:notice] [pid 18800:tid 564] AH00456: Apache Lounge VS16 Server built: Oct  2 2020 11:45:39
[Sat Feb 20 14:28:19.791472 2021] [core:notice] [pid 18800:tid 564] AH00094: Command line: 'c:\\xampp\\apache\\bin\\httpd.exe -d C:/xampp/apache'
[Sat Feb 20 14:28:19.795474 2021] [mpm_winnt:notice] [pid 18800:tid 564] AH00418: Parent: Created child process 23836
[Sat Feb 20 14:28:20.226505 2021] [ssl:warn] [pid 23836:tid 580] AH01909: www.example.com:443:0 server certificate does NOT include an ID which matches the server name
[Sat Feb 20 14:28:20.292510 2021] [ssl:warn] [pid 23836:tid 580] AH01909: www.example.com:443:0 server certificate does NOT include an ID which matches the server name
[Sat Feb 20 14:28:20.323514 2021] [mpm_winnt:notice] [pid 23836:tid 580] AH00354: Child: Starting 150 worker threads.
[Sat Feb 20 16:20:45.135563 2021] [ssl:warn] [pid 8128:tid 572] AH01909: www.example.com:443:0 server certificate does NOT include an ID which matches the server name
[Sat Feb 20 16:20:45.224400 2021] [core:warn] [pid 8128:tid 572] AH00098: pid file C:/xampp/apache/logs/httpd.pid overwritten -- Unclean shutdown of previous Apache run?
[Sat Feb 20 16:20:45.240402 2021] [ssl:warn] [pid 8128:tid 572] AH01909: www.example.com:443:0 server certificate does NOT include an ID which matches the server name
[Sat Feb 20 16:20:45.277184 2021] [mpm_winnt:notice] [pid 8128:tid 572] AH00455: Apache/2.4.46 (Win64) OpenSSL/1.1.1h PHP/8.0.2 configured -- resuming normal operations
[Sat Feb 20 16:20:45.277184 2021] [mpm_winnt:notice] [pid 8128:tid 572] AH00456: Apache Lounge VS16 Server built: Oct  2 2020 11:45:39
[Sat Feb 20 16:20:45.277184 2021] [core:notice] [pid 8128:tid 572] AH00094: Command line: 'c:\\xampp\\apache\\bin\\httpd.exe -d C:/xampp/apache'
[Sat Feb 20 16:20:45.281903 2021] [mpm_winnt:notice] [pid 8128:tid 572] AH00418: Parent: Created child process 11604
[Sat Feb 20 16:20:45.745889 2021] [ssl:warn] [pid 11604:tid 580] AH01909: www.example.com:443:0 server certificate does NOT include an ID which matches the server name
[Sat Feb 20 16:20:45.838257 2021] [ssl:warn] [pid 11604:tid 580] AH01909: www.example.com:443:0 server certificate does NOT include an ID which matches the server name
[Sat Feb 20 16:20:45.884654 2021] [mpm_winnt:notice] [pid 11604:tid 580] AH00354: Child: Starting 150 worker threads.
[Sun Feb 21 01:13:03.095656 2021] [ssl:warn] [pid 2776:tid 580] AH01909: www.example.com:443:0 server certificate does NOT include an ID which matches the server name
[Sun Feb 21 01:13:03.153665 2021] [core:warn] [pid 2776:tid 580] AH00098: pid file C:/xampp/apache/logs/httpd.pid overwritten -- Unclean shutdown of previous Apache run?
[Sun Feb 21 01:13:03.161666 2021] [ssl:warn] [pid 2776:tid 580] AH01909: www.example.com:443:0 server certificate does NOT include an ID which matches the server name
[Sun Feb 21 01:13:03.442988 2021] [mpm_winnt:notice] [pid 2776:tid 580] AH00455: Apache/2.4.46 (Win64) OpenSSL/1.1.1h PHP/8.0.2 configured -- resuming normal operations
[Sun Feb 21 01:13:03.442988 2021] [mpm_winnt:notice] [pid 2776:tid 580] AH00456: Apache Lounge VS16 Server built: Oct  2 2020 11:45:39
[Sun Feb 21 01:13:03.442988 2021] [core:notice] [pid 2776:tid 580] AH00094: Command line: 'c:\\xampp\\apache\\bin\\httpd.exe -d C:/xampp/apache'
[Sun Feb 21 01:13:03.446988 2021] [mpm_winnt:notice] [pid 2776:tid 580] AH00418: Parent: Created child process 2840
[Sun Feb 21 01:13:03.791015 2021] [ssl:warn] [pid 2840:tid 480] AH01909: www.example.com:443:0 server certificate does NOT include an ID which matches the server name
[Sun Feb 21 01:13:03.848110 2021] [ssl:warn] [pid 2840:tid 480] AH01909: www.example.com:443:0 server certificate does NOT include an ID which matches the server name
[Sun Feb 21 01:13:03.879111 2021] [mpm_winnt:notice] [pid 2840:tid 480] AH00354: Child: Starting 150 worker threads.
[Sun Feb 21 01:45:14.465848 2021] [ssl:warn] [pid 19752:tid 604] AH01909: www.example.com:443:0 server certificate does NOT include an ID which matches the server name
[Sun Feb 21 01:45:14.521852 2021] [core:warn] [pid 19752:tid 604] AH00098: pid file C:/xampp/apache/logs/httpd.pid overwritten -- Unclean shutdown of previous Apache run?
[Sun Feb 21 01:45:14.529854 2021] [ssl:warn] [pid 19752:tid 604] AH01909: www.example.com:443:0 server certificate does NOT include an ID which matches the server name
[Sun Feb 21 01:45:14.555856 2021] [mpm_winnt:notice] [pid 19752:tid 604] AH00455: Apache/2.4.46 (Win64) OpenSSL/1.1.1h PHP/8.0.2 configured -- resuming normal operations
[Sun Feb 21 01:45:14.555856 2021] [mpm_winnt:notice] [pid 19752:tid 604] AH00456: Apache Lounge VS16 Server built: Oct  2 2020 11:45:39
[Sun Feb 21 01:45:14.555856 2021] [core:notice] [pid 19752:tid 604] AH00094: Command line: 'c:\\xampp\\apache\\bin\\httpd.exe -d C:/xampp/apache'
[Sun Feb 21 01:45:14.558857 2021] [mpm_winnt:notice] [pid 19752:tid 604] AH00418: Parent: Created child process 16236
[Sun Feb 21 01:45:14.906922 2021] [ssl:warn] [pid 16236:tid 592] AH01909: www.example.com:443:0 server certificate does NOT include an ID which matches the server name
[Sun Feb 21 01:45:14.961925 2021] [ssl:warn] [pid 16236:tid 592] AH01909: www.example.com:443:0 server certificate does NOT include an ID which matches the server name
[Sun Feb 21 01:45:14.990928 2021] [mpm_winnt:notice] [pid 16236:tid 592] AH00354: Child: Starting 150 worker threads.
[Sun Feb 21 01:47:37.184922 2021] [mpm_winnt:crit] [pid 16236:tid 592] AH02538: Child: Parent process exited abruptly. Child process is ending
[Mon May 03 10:15:30.548812 2021] [ssl:warn] [pid 3564:tid 564] AH01909: www.example.com:443:0 server certificate does NOT include an ID which matches the server name
[Mon May 03 10:15:30.620583 2021] [core:warn] [pid 3564:tid 564] AH00098: pid file C:/xampp/apache/logs/httpd.pid overwritten -- Unclean shutdown of previous Apache run?
[Mon May 03 10:15:30.623584 2021] [ssl:warn] [pid 3564:tid 564] AH01909: www.example.com:443:0 server certificate does NOT include an ID which matches the server name
[Mon May 03 10:15:30.787096 2021] [mpm_winnt:notice] [pid 3564:tid 564] AH00455: Apache/2.4.46 (Win64) OpenSSL/1.1.1h PHP/8.0.2 configured -- resuming normal operations
[Mon May 03 10:15:30.787096 2021] [mpm_winnt:notice] [pid 3564:tid 564] AH00456: Apache Lounge VS16 Server built: Oct  2 2020 11:45:39
[Mon May 03 10:15:30.788096 2021] [core:notice] [pid 3564:tid 564] AH00094: Command line: 'c:\\xampp\\apache\\bin\\httpd.exe -d C:/xampp/apache'
[Mon May 03 10:15:30.793098 2021] [mpm_winnt:notice] [pid 3564:tid 564] AH00418: Parent: Created child process 3080
[Mon May 03 10:15:31.389141 2021] [ssl:warn] [pid 3080:tid 584] AH01909: www.example.com:443:0 server certificate does NOT include an ID which matches the server name
[Mon May 03 10:15:31.474149 2021] [ssl:warn] [pid 3080:tid 584] AH01909: www.example.com:443:0 server certificate does NOT include an ID which matches the server name
[Mon May 03 10:15:31.520152 2021] [mpm_winnt:notice] [pid 3080:tid 584] AH00354: Child: Starting 150 worker threads.
[Tue May 04 09:53:26.281955 2021] [mpm_winnt:crit] [pid 3080:tid 584] AH02538: Child: Parent process exited abruptly. Child process is ending
[Tue May 04 12:16:09.357979 2021] [ssl:warn] [pid 10660:tid 576] AH01909: www.example.com:443:0 server certificate does NOT include an ID which matches the server name
[Tue May 04 12:16:09.407937 2021] [core:warn] [pid 10660:tid 576] AH00098: pid file C:/xampp/apache/logs/httpd.pid overwritten -- Unclean shutdown of previous Apache run?
[Tue May 04 12:16:09.409921 2021] [ssl:warn] [pid 10660:tid 576] AH01909: www.example.com:443:0 server certificate does NOT include an ID which matches the server name
[Tue May 04 12:16:09.521197 2021] [mpm_winnt:notice] [pid 10660:tid 576] AH00455: Apache/2.4.46 (Win64) OpenSSL/1.1.1h PHP/8.0.2 configured -- resuming normal operations
[Tue May 04 12:16:09.521197 2021] [mpm_winnt:notice] [pid 10660:tid 576] AH00456: Apache Lounge VS16 Server built: Oct  2 2020 11:45:39
[Tue May 04 12:16:09.521197 2021] [core:notice] [pid 10660:tid 576] AH00094: Command line: 'c:\\xampp\\apache\\bin\\httpd.exe -d C:/xampp/apache'
[Tue May 04 12:16:09.525197 2021] [mpm_winnt:notice] [pid 10660:tid 576] AH00418: Parent: Created child process 14044
[Tue May 04 12:16:09.873222 2021] [ssl:warn] [pid 14044:tid 592] AH01909: www.example.com:443:0 server certificate does NOT include an ID which matches the server name
[Tue May 04 12:16:09.924227 2021] [ssl:warn] [pid 14044:tid 592] AH01909: www.example.com:443:0 server certificate does NOT include an ID which matches the server name
[Tue May 04 12:16:09.951228 2021] [mpm_winnt:notice] [pid 14044:tid 592] AH00354: Child: Starting 150 worker threads.
[Wed May 05 09:17:01.105037 2021] [ssl:warn] [pid 10080:tid 576] AH01909: www.example.com:443:0 server certificate does NOT include an ID which matches the server name
[Wed May 05 09:17:01.160455 2021] [core:warn] [pid 10080:tid 576] AH00098: pid file C:/xampp/apache/logs/httpd.pid overwritten -- Unclean shutdown of previous Apache run?
[Wed May 05 09:17:01.162400 2021] [ssl:warn] [pid 10080:tid 576] AH01909: www.example.com:443:0 server certificate does NOT include an ID which matches the server name
[Wed May 05 09:17:01.288098 2021] [mpm_winnt:notice] [pid 10080:tid 576] AH00455: Apache/2.4.46 (Win64) OpenSSL/1.1.1h PHP/8.0.2 configured -- resuming normal operations
[Wed May 05 09:17:01.288098 2021] [mpm_winnt:notice] [pid 10080:tid 576] AH00456: Apache Lounge VS16 Server built: Oct  2 2020 11:45:39
[Wed May 05 09:17:01.288098 2021] [core:notice] [pid 10080:tid 576] AH00094: Command line: 'c:\\xampp\\apache\\bin\\httpd.exe -d C:/xampp/apache'
[Wed May 05 09:17:01.292100 2021] [mpm_winnt:notice] [pid 10080:tid 576] AH00418: Parent: Created child process 4312
[Wed May 05 09:17:01.822141 2021] [ssl:warn] [pid 4312:tid 592] AH01909: www.example.com:443:0 server certificate does NOT include an ID which matches the server name
[Wed May 05 09:17:01.877800 2021] [ssl:warn] [pid 4312:tid 592] AH01909: www.example.com:443:0 server certificate does NOT include an ID which matches the server name
[Wed May 05 09:17:01.906805 2021] [mpm_winnt:notice] [pid 4312:tid 592] AH00354: Child: Starting 150 worker threads.
[Wed May 05 10:11:07.922428 2021] [ssl:warn] [pid 13260:tid 520] AH01909: www.example.com:443:0 server certificate does NOT include an ID which matches the server name
[Wed May 05 10:11:07.983431 2021] [core:warn] [pid 13260:tid 520] AH00098: pid file C:/xampp/apache/logs/httpd.pid overwritten -- Unclean shutdown of previous Apache run?
[Wed May 05 10:11:07.986431 2021] [ssl:warn] [pid 13260:tid 520] AH01909: www.example.com:443:0 server certificate does NOT include an ID which matches the server name
[Wed May 05 10:11:08.152444 2021] [mpm_winnt:notice] [pid 13260:tid 520] AH00455: Apache/2.4.46 (Win64) OpenSSL/1.1.1h PHP/8.0.2 configured -- resuming normal operations
[Wed May 05 10:11:08.152444 2021] [mpm_winnt:notice] [pid 13260:tid 520] AH00456: Apache Lounge VS16 Server built: Oct  2 2020 11:45:39
[Wed May 05 10:11:08.152444 2021] [core:notice] [pid 13260:tid 520] AH00094: Command line: 'c:\\xampp\\apache\\bin\\httpd.exe -d C:/xampp/apache'
[Wed May 05 10:11:08.157445 2021] [mpm_winnt:notice] [pid 13260:tid 520] AH00418: Parent: Created child process 13724
[Wed May 05 10:11:08.881880 2021] [ssl:warn] [pid 13724:tid 656] AH01909: www.example.com:443:0 server certificate does NOT include an ID which matches the server name
[Wed May 05 10:11:08.935886 2021] [ssl:warn] [pid 13724:tid 656] AH01909: www.example.com:443:0 server certificate does NOT include an ID which matches the server name
[Wed May 05 10:11:08.968889 2021] [mpm_winnt:notice] [pid 13724:tid 656] AH00354: Child: Starting 150 worker threads.
[Wed May 05 14:16:13.534376 2021] [ssl:warn] [pid 13868:tid 544] AH01909: www.example.com:443:0 server certificate does NOT include an ID which matches the server name
[Wed May 05 14:16:13.678384 2021] [core:warn] [pid 13868:tid 544] AH00098: pid file C:/xampp/apache/logs/httpd.pid overwritten -- Unclean shutdown of previous Apache run?
[Wed May 05 14:16:13.684390 2021] [ssl:warn] [pid 13868:tid 544] AH01909: www.example.com:443:0 server certificate does NOT include an ID which matches the server name
[Wed May 05 14:16:13.908402 2021] [mpm_winnt:notice] [pid 13868:tid 544] AH00455: Apache/2.4.46 (Win64) OpenSSL/1.1.1h PHP/8.0.2 configured -- resuming normal operations
[Wed May 05 14:16:13.908402 2021] [mpm_winnt:notice] [pid 13868:tid 544] AH00456: Apache Lounge VS16 Server built: Oct  2 2020 11:45:39
[Wed May 05 14:16:13.908402 2021] [core:notice] [pid 13868:tid 544] AH00094: Command line: 'c:\\xampp\\apache\\bin\\httpd.exe -d C:/xampp/apache'
[Wed May 05 14:16:13.918402 2021] [mpm_winnt:notice] [pid 13868:tid 544] AH00418: Parent: Created child process 12976
[Wed May 05 14:16:15.048489 2021] [ssl:warn] [pid 12976:tid 596] AH01909: www.example.com:443:0 server certificate does NOT include an ID which matches the server name
[Wed May 05 14:16:15.180497 2021] [ssl:warn] [pid 12976:tid 596] AH01909: www.example.com:443:0 server certificate does NOT include an ID which matches the server name
[Wed May 05 14:16:15.254501 2021] [mpm_winnt:notice] [pid 12976:tid 596] AH00354: Child: Starting 150 worker threads.
[Wed May 05 18:13:21.327011 2021] [ssl:warn] [pid 8072:tid 584] AH01909: www.example.com:443:0 server certificate does NOT include an ID which matches the server name
[Wed May 05 18:13:21.423417 2021] [core:warn] [pid 8072:tid 584] AH00098: pid file C:/xampp/apache/logs/httpd.pid overwritten -- Unclean shutdown of previous Apache run?
[Wed May 05 18:13:21.427516 2021] [ssl:warn] [pid 8072:tid 584] AH01909: www.example.com:443:0 server certificate does NOT include an ID which matches the server name
[Wed May 05 18:13:21.617545 2021] [mpm_winnt:notice] [pid 8072:tid 584] AH00455: Apache/2.4.46 (Win64) OpenSSL/1.1.1h PHP/8.0.2 configured -- resuming normal operations
[Wed May 05 18:13:21.617545 2021] [mpm_winnt:notice] [pid 8072:tid 584] AH00456: Apache Lounge VS16 Server built: Oct  2 2020 11:45:39
[Wed May 05 18:13:21.617545 2021] [core:notice] [pid 8072:tid 584] AH00094: Command line: 'c:\\xampp\\apache\\bin\\httpd.exe -d C:/xampp/apache'
[Wed May 05 18:13:21.624274 2021] [mpm_winnt:notice] [pid 8072:tid 584] AH00418: Parent: Created child process 7132
[Wed May 05 18:13:22.383538 2021] [ssl:warn] [pid 7132:tid 592] AH01909: www.example.com:443:0 server certificate does NOT include an ID which matches the server name
[Wed May 05 18:13:22.488413 2021] [ssl:warn] [pid 7132:tid 592] AH01909: www.example.com:443:0 server certificate does NOT include an ID which matches the server name
[Wed May 05 18:13:22.551951 2021] [mpm_winnt:notice] [pid 7132:tid 592] AH00354: Child: Starting 150 worker threads.
[Thu May 06 10:03:59.377357 2021] [ssl:warn] [pid 7580:tid 576] AH01909: www.example.com:443:0 server certificate does NOT include an ID which matches the server name
[Thu May 06 10:03:59.434358 2021] [core:warn] [pid 7580:tid 576] AH00098: pid file C:/xampp/apache/logs/httpd.pid overwritten -- Unclean shutdown of previous Apache run?
[Thu May 06 10:03:59.437359 2021] [ssl:warn] [pid 7580:tid 576] AH01909: www.example.com:443:0 server certificate does NOT include an ID which matches the server name
[Thu May 06 10:03:59.501364 2021] [mpm_winnt:notice] [pid 7580:tid 576] AH00455: Apache/2.4.46 (Win64) OpenSSL/1.1.1h PHP/8.0.2 configured -- resuming normal operations
[Thu May 06 10:03:59.501364 2021] [mpm_winnt:notice] [pid 7580:tid 576] AH00456: Apache Lounge VS16 Server built: Oct  2 2020 11:45:39
[Thu May 06 10:03:59.501364 2021] [core:notice] [pid 7580:tid 576] AH00094: Command line: 'c:\\xampp\\apache\\bin\\httpd.exe -d C:/xampp/apache'
[Thu May 06 10:03:59.506365 2021] [mpm_winnt:notice] [pid 7580:tid 576] AH00418: Parent: Created child process 14848
[Thu May 06 10:03:59.884392 2021] [ssl:warn] [pid 14848:tid 580] AH01909: www.example.com:443:0 server certificate does NOT include an ID which matches the server name
[Thu May 06 10:03:59.951397 2021] [ssl:warn] [pid 14848:tid 580] AH01909: www.example.com:443:0 server certificate does NOT include an ID which matches the server name
[Thu May 06 10:03:59.981400 2021] [mpm_winnt:notice] [pid 14848:tid 580] AH00354: Child: Starting 150 worker threads.
[Thu May 06 13:48:03.956181 2021] [ssl:warn] [pid 16952:tid 572] AH01909: www.example.com:443:0 server certificate does NOT include an ID which matches the server name
[Thu May 06 13:48:04.040192 2021] [core:warn] [pid 16952:tid 572] AH00098: pid file C:/xampp/apache/logs/httpd.pid overwritten -- Unclean shutdown of previous Apache run?
[Thu May 06 13:48:04.044194 2021] [ssl:warn] [pid 16952:tid 572] AH01909: www.example.com:443:0 server certificate does NOT include an ID which matches the server name
[Thu May 06 13:48:04.150677 2021] [mpm_winnt:notice] [pid 16952:tid 572] AH00455: Apache/2.4.46 (Win64) OpenSSL/1.1.1h PHP/8.0.2 configured -- resuming normal operations
[Thu May 06 13:48:04.150677 2021] [mpm_winnt:notice] [pid 16952:tid 572] AH00456: Apache Lounge VS16 Server built: Oct  2 2020 11:45:39
[Thu May 06 13:48:04.151697 2021] [core:notice] [pid 16952:tid 572] AH00094: Command line: 'c:\\xampp\\apache\\bin\\httpd.exe -d C:/xampp/apache'
[Thu May 06 13:48:04.158696 2021] [mpm_winnt:notice] [pid 16952:tid 572] AH00418: Parent: Created child process 16108
[Thu May 06 13:48:04.826911 2021] [ssl:warn] [pid 16108:tid 584] AH01909: www.example.com:443:0 server certificate does NOT include an ID which matches the server name
[Thu May 06 13:48:04.903918 2021] [ssl:warn] [pid 16108:tid 584] AH01909: www.example.com:443:0 server certificate does NOT include an ID which matches the server name
[Thu May 06 13:48:04.947911 2021] [mpm_winnt:notice] [pid 16108:tid 584] AH00354: Child: Starting 150 worker threads.
[Thu May 06 16:58:50.716757 2021] [ssl:warn] [pid 9764:tid 508] AH01909: www.example.com:443:0 server certificate does NOT include an ID which matches the server name
[Thu May 06 16:58:50.797762 2021] [core:warn] [pid 9764:tid 508] AH00098: pid file C:/xampp/apache/logs/httpd.pid overwritten -- Unclean shutdown of previous Apache run?
[Thu May 06 16:58:50.801763 2021] [ssl:warn] [pid 9764:tid 508] AH01909: www.example.com:443:0 server certificate does NOT include an ID which matches the server name
[Thu May 06 16:58:50.908771 2021] [mpm_winnt:notice] [pid 9764:tid 508] AH00455: Apache/2.4.46 (Win64) OpenSSL/1.1.1h PHP/8.0.2 configured -- resuming normal operations
[Thu May 06 16:58:50.908771 2021] [mpm_winnt:notice] [pid 9764:tid 508] AH00456: Apache Lounge VS16 Server built: Oct  2 2020 11:45:39
[Thu May 06 16:58:50.908771 2021] [core:notice] [pid 9764:tid 508] AH00094: Command line: 'c:\\xampp\\apache\\bin\\httpd.exe -d C:/xampp/apache'
[Thu May 06 16:58:50.913771 2021] [mpm_winnt:notice] [pid 9764:tid 508] AH00418: Parent: Created child process 14512
[Thu May 06 16:58:51.582821 2021] [ssl:warn] [pid 14512:tid 520] AH01909: www.example.com:443:0 server certificate does NOT include an ID which matches the server name
[Thu May 06 16:58:51.661828 2021] [ssl:warn] [pid 14512:tid 520] AH01909: www.example.com:443:0 server certificate does NOT include an ID which matches the server name
[Thu May 06 16:58:51.704830 2021] [mpm_winnt:notice] [pid 14512:tid 520] AH00354: Child: Starting 150 worker threads.
[Fri May 07 09:19:41.218966 2021] [ssl:warn] [pid 8836:tid 604] AH01909: www.example.com:443:0 server certificate does NOT include an ID which matches the server name
[Fri May 07 09:19:41.277633 2021] [core:warn] [pid 8836:tid 604] AH00098: pid file C:/xampp/apache/logs/httpd.pid overwritten -- Unclean shutdown of previous Apache run?
[Fri May 07 09:19:41.279633 2021] [ssl:warn] [pid 8836:tid 604] AH01909: www.example.com:443:0 server certificate does NOT include an ID which matches the server name
[Fri May 07 09:19:41.561847 2021] [mpm_winnt:notice] [pid 8836:tid 604] AH00455: Apache/2.4.46 (Win64) OpenSSL/1.1.1h PHP/8.0.2 configured -- resuming normal operations
[Fri May 07 09:19:41.561847 2021] [mpm_winnt:notice] [pid 8836:tid 604] AH00456: Apache Lounge VS16 Server built: Oct  2 2020 11:45:39
[Fri May 07 09:19:41.561847 2021] [core:notice] [pid 8836:tid 604] AH00094: Command line: 'c:\\xampp\\apache\\bin\\httpd.exe -d C:/xampp/apache'
[Fri May 07 09:19:41.565848 2021] [mpm_winnt:notice] [pid 8836:tid 604] AH00418: Parent: Created child process 9836
[Fri May 07 09:19:42.015882 2021] [ssl:warn] [pid 9836:tid 596] AH01909: www.example.com:443:0 server certificate does NOT include an ID which matches the server name
[Fri May 07 09:19:42.084886 2021] [ssl:warn] [pid 9836:tid 596] AH01909: www.example.com:443:0 server certificate does NOT include an ID which matches the server name
[Fri May 07 09:19:42.123890 2021] [mpm_winnt:notice] [pid 9836:tid 596] AH00354: Child: Starting 150 worker threads.
[Fri May 07 09:20:22.069655 2021] [mpm_winnt:crit] [pid 9836:tid 596] AH02538: Child: Parent process exited abruptly. Child process is ending
[Fri May 07 09:31:04.657751 2021] [ssl:warn] [pid 5256:tid 584] AH01909: www.example.com:443:0 server certificate does NOT include an ID which matches the server name
[Fri May 07 09:31:04.703413 2021] [core:warn] [pid 5256:tid 584] AH00098: pid file C:/xampp/apache/logs/httpd.pid overwritten -- Unclean shutdown of previous Apache run?
[Fri May 07 09:31:04.705413 2021] [ssl:warn] [pid 5256:tid 584] AH01909: www.example.com:443:0 server certificate does NOT include an ID which matches the server name
[Fri May 07 09:31:04.765418 2021] [mpm_winnt:notice] [pid 5256:tid 584] AH00455: Apache/2.4.46 (Win64) OpenSSL/1.1.1h PHP/8.0.2 configured -- resuming normal operations
[Fri May 07 09:31:04.765418 2021] [mpm_winnt:notice] [pid 5256:tid 584] AH00456: Apache Lounge VS16 Server built: Oct  2 2020 11:45:39
[Fri May 07 09:31:04.765418 2021] [core:notice] [pid 5256:tid 584] AH00094: Command line: 'c:\\xampp\\apache\\bin\\httpd.exe -d C:/xampp/apache'
[Fri May 07 09:31:04.770878 2021] [mpm_winnt:notice] [pid 5256:tid 584] AH00418: Parent: Created child process 11860
[Fri May 07 09:31:05.094342 2021] [ssl:warn] [pid 11860:tid 580] AH01909: www.example.com:443:0 server certificate does NOT include an ID which matches the server name
[Fri May 07 09:31:05.142260 2021] [ssl:warn] [pid 11860:tid 580] AH01909: www.example.com:443:0 server certificate does NOT include an ID which matches the server name
[Fri May 07 09:31:05.168262 2021] [mpm_winnt:notice] [pid 11860:tid 580] AH00354: Child: Starting 150 worker threads.
[Fri May 07 13:55:31.815294 2021] [ssl:warn] [pid 13992:tid 500] AH01909: www.example.com:443:0 server certificate does NOT include an ID which matches the server name
[Fri May 07 13:55:31.871298 2021] [core:warn] [pid 13992:tid 500] AH00098: pid file C:/xampp/apache/logs/httpd.pid overwritten -- Unclean shutdown of previous Apache run?
[Fri May 07 13:55:31.874300 2021] [ssl:warn] [pid 13992:tid 500] AH01909: www.example.com:443:0 server certificate does NOT include an ID which matches the server name
[Fri May 07 13:55:31.995306 2021] [mpm_winnt:notice] [pid 13992:tid 500] AH00455: Apache/2.4.46 (Win64) OpenSSL/1.1.1h PHP/8.0.2 configured -- resuming normal operations
[Fri May 07 13:55:31.995306 2021] [mpm_winnt:notice] [pid 13992:tid 500] AH00456: Apache Lounge VS16 Server built: Oct  2 2020 11:45:39
[Fri May 07 13:55:31.995306 2021] [core:notice] [pid 13992:tid 500] AH00094: Command line: 'c:\\xampp\\apache\\bin\\httpd.exe -d C:/xampp/apache'
[Fri May 07 13:55:31.999308 2021] [mpm_winnt:notice] [pid 13992:tid 500] AH00418: Parent: Created child process 5396
[Fri May 07 13:55:32.367404 2021] [ssl:warn] [pid 5396:tid 580] AH01909: www.example.com:443:0 server certificate does NOT include an ID which matches the server name
[Fri May 07 13:55:32.423409 2021] [ssl:warn] [pid 5396:tid 580] AH01909: www.example.com:443:0 server certificate does NOT include an ID which matches the server name
[Fri May 07 13:55:32.452410 2021] [mpm_winnt:notice] [pid 5396:tid 580] AH00354: Child: Starting 150 worker threads.
[Fri May 07 15:21:53.724741 2021] [mpm_winnt:crit] [pid 5396:tid 580] AH02538: Child: Parent process exited abruptly. Child process is ending
[Sat May 08 12:27:33.530534 2021] [ssl:warn] [pid 15076:tid 560] AH01909: www.example.com:443:0 server certificate does NOT include an ID which matches the server name
[Sat May 08 12:27:33.586026 2021] [core:warn] [pid 15076:tid 560] AH00098: pid file C:/xampp/apache/logs/httpd.pid overwritten -- Unclean shutdown of previous Apache run?
[Sat May 08 12:27:33.589028 2021] [ssl:warn] [pid 15076:tid 560] AH01909: www.example.com:443:0 server certificate does NOT include an ID which matches the server name
[Sat May 08 12:27:33.663031 2021] [mpm_winnt:notice] [pid 15076:tid 560] AH00455: Apache/2.4.46 (Win64) OpenSSL/1.1.1h PHP/8.0.2 configured -- resuming normal operations
[Sat May 08 12:27:33.663031 2021] [mpm_winnt:notice] [pid 15076:tid 560] AH00456: Apache Lounge VS16 Server built: Oct  2 2020 11:45:39
[Sat May 08 12:27:33.663031 2021] [core:notice] [pid 15076:tid 560] AH00094: Command line: 'c:\\xampp\\apache\\bin\\httpd.exe -d C:/xampp/apache'
[Sat May 08 12:27:33.666033 2021] [mpm_winnt:notice] [pid 15076:tid 560] AH00418: Parent: Created child process 15288
[Sat May 08 12:27:34.158069 2021] [ssl:warn] [pid 15288:tid 592] AH01909: www.example.com:443:0 server certificate does NOT include an ID which matches the server name
[Sat May 08 12:27:34.245075 2021] [ssl:warn] [pid 15288:tid 592] AH01909: www.example.com:443:0 server certificate does NOT include an ID which matches the server name
[Sat May 08 12:27:34.285079 2021] [mpm_winnt:notice] [pid 15288:tid 592] AH00354: Child: Starting 150 worker threads.
[Sat May 08 17:27:45.119857 2021] [ssl:warn] [pid 6612:tid 576] AH01909: www.example.com:443:0 server certificate does NOT include an ID which matches the server name
[Sat May 08 17:27:45.177304 2021] [core:warn] [pid 6612:tid 576] AH00098: pid file C:/xampp/apache/logs/httpd.pid overwritten -- Unclean shutdown of previous Apache run?
[Sat May 08 17:27:45.180305 2021] [ssl:warn] [pid 6612:tid 576] AH01909: www.example.com:443:0 server certificate does NOT include an ID which matches the server name
[Sat May 08 17:27:45.308007 2021] [mpm_winnt:notice] [pid 6612:tid 576] AH00455: Apache/2.4.46 (Win64) OpenSSL/1.1.1h PHP/8.0.2 configured -- resuming normal operations
[Sat May 08 17:27:45.308007 2021] [mpm_winnt:notice] [pid 6612:tid 576] AH00456: Apache Lounge VS16 Server built: Oct  2 2020 11:45:39
[Sat May 08 17:27:45.308007 2021] [core:notice] [pid 6612:tid 576] AH00094: Command line: 'c:\\xampp\\apache\\bin\\httpd.exe -d C:/xampp/apache'
[Sat May 08 17:27:45.312008 2021] [mpm_winnt:notice] [pid 6612:tid 576] AH00418: Parent: Created child process 7668
[Sat May 08 17:27:45.687990 2021] [ssl:warn] [pid 7668:tid 576] AH01909: www.example.com:443:0 server certificate does NOT include an ID which matches the server name
[Sat May 08 17:27:45.743992 2021] [ssl:warn] [pid 7668:tid 576] AH01909: www.example.com:443:0 server certificate does NOT include an ID which matches the server name
[Sat May 08 17:27:45.773995 2021] [mpm_winnt:notice] [pid 7668:tid 576] AH00354: Child: Starting 150 worker threads.
[Thu May 13 13:40:39.687736 2021] [ssl:warn] [pid 12724:tid 528] AH01909: www.example.com:443:0 server certificate does NOT include an ID which matches the server name
[Thu May 13 13:40:39.826748 2021] [core:warn] [pid 12724:tid 528] AH00098: pid file C:/xampp/apache/logs/httpd.pid overwritten -- Unclean shutdown of previous Apache run?
[Thu May 13 13:40:39.832748 2021] [ssl:warn] [pid 12724:tid 528] AH01909: www.example.com:443:0 server certificate does NOT include an ID which matches the server name
[Thu May 13 13:40:40.231307 2021] [mpm_winnt:notice] [pid 12724:tid 528] AH00455: Apache/2.4.46 (Win64) OpenSSL/1.1.1h PHP/8.0.2 configured -- resuming normal operations
[Thu May 13 13:40:40.231307 2021] [mpm_winnt:notice] [pid 12724:tid 528] AH00456: Apache Lounge VS16 Server built: Oct  2 2020 11:45:39
[Thu May 13 13:40:40.231307 2021] [core:notice] [pid 12724:tid 528] AH00094: Command line: 'c:\\xampp\\apache\\bin\\httpd.exe -d C:/xampp/apache'
[Thu May 13 13:40:40.239309 2021] [mpm_winnt:notice] [pid 12724:tid 528] AH00418: Parent: Created child process 7628
[Thu May 13 13:40:41.388393 2021] [ssl:warn] [pid 7628:tid 508] AH01909: www.example.com:443:0 server certificate does NOT include an ID which matches the server name
[Thu May 13 13:40:41.537405 2021] [ssl:warn] [pid 7628:tid 508] AH01909: www.example.com:443:0 server certificate does NOT include an ID which matches the server name
[Thu May 13 13:40:41.619410 2021] [mpm_winnt:notice] [pid 7628:tid 508] AH00354: Child: Starting 150 worker threads.
[Sun May 16 21:59:24.973489 2021] [ssl:warn] [pid 7548:tid 576] AH01909: www.example.com:443:0 server certificate does NOT include an ID which matches the server name
[Sun May 16 21:59:25.026717 2021] [core:warn] [pid 7548:tid 576] AH00098: pid file C:/xampp/apache/logs/httpd.pid overwritten -- Unclean shutdown of previous Apache run?
[Sun May 16 21:59:25.028716 2021] [ssl:warn] [pid 7548:tid 576] AH01909: www.example.com:443:0 server certificate does NOT include an ID which matches the server name
[Sun May 16 21:59:25.146499 2021] [mpm_winnt:notice] [pid 7548:tid 576] AH00455: Apache/2.4.46 (Win64) OpenSSL/1.1.1h PHP/8.0.2 configured -- resuming normal operations
[Sun May 16 21:59:25.146499 2021] [mpm_winnt:notice] [pid 7548:tid 576] AH00456: Apache Lounge VS16 Server built: Oct  2 2020 11:45:39
[Sun May 16 21:59:25.146499 2021] [core:notice] [pid 7548:tid 576] AH00094: Command line: 'c:\\xampp\\apache\\bin\\httpd.exe -d C:/xampp/apache'
[Sun May 16 21:59:25.149500 2021] [mpm_winnt:notice] [pid 7548:tid 576] AH00418: Parent: Created child process 4328
[Sun May 16 21:59:25.487525 2021] [ssl:warn] [pid 4328:tid 580] AH01909: www.example.com:443:0 server certificate does NOT include an ID which matches the server name
[Sun May 16 21:59:25.535457 2021] [ssl:warn] [pid 4328:tid 580] AH01909: www.example.com:443:0 server certificate does NOT include an ID which matches the server name
[Sun May 16 21:59:25.564459 2021] [mpm_winnt:notice] [pid 4328:tid 580] AH00354: Child: Starting 150 worker threads.
[Sun May 16 22:40:43.563479 2021] [mpm_winnt:crit] [pid 4328:tid 580] AH02538: Child: Parent process exited abruptly. Child process is ending
[Thu May 20 12:53:20.458189 2021] [ssl:warn] [pid 9188:tid 592] AH01909: www.example.com:443:0 server certificate does NOT include an ID which matches the server name
[Thu May 20 12:53:20.527860 2021] [core:warn] [pid 9188:tid 592] AH00098: pid file C:/xampp/apache/logs/httpd.pid overwritten -- Unclean shutdown of previous Apache run?
[Thu May 20 12:53:20.531860 2021] [ssl:warn] [pid 9188:tid 592] AH01909: www.example.com:443:0 server certificate does NOT include an ID which matches the server name
[Thu May 20 12:53:20.658821 2021] [mpm_winnt:notice] [pid 9188:tid 592] AH00455: Apache/2.4.46 (Win64) OpenSSL/1.1.1h PHP/8.0.2 configured -- resuming normal operations
[Thu May 20 12:53:20.658821 2021] [mpm_winnt:notice] [pid 9188:tid 592] AH00456: Apache Lounge VS16 Server built: Oct  2 2020 11:45:39
[Thu May 20 12:53:20.658821 2021] [core:notice] [pid 9188:tid 592] AH00094: Command line: 'c:\\xampp\\apache\\bin\\httpd.exe -d C:/xampp/apache'
[Thu May 20 12:53:20.662821 2021] [mpm_winnt:notice] [pid 9188:tid 592] AH00418: Parent: Created child process 15988
[Thu May 20 12:53:21.082927 2021] [ssl:warn] [pid 15988:tid 604] AH01909: www.example.com:443:0 server certificate does NOT include an ID which matches the server name
[Thu May 20 12:53:21.149063 2021] [ssl:warn] [pid 15988:tid 604] AH01909: www.example.com:443:0 server certificate does NOT include an ID which matches the server name
[Thu May 20 12:53:21.184057 2021] [mpm_winnt:notice] [pid 15988:tid 604] AH00354: Child: Starting 150 worker threads.
[Sat May 22 16:53:18.312864 2021] [ssl:warn] [pid 16372:tid 584] AH01909: www.example.com:443:0 server certificate does NOT include an ID which matches the server name
[Sat May 22 16:53:18.372844 2021] [core:warn] [pid 16372:tid 584] AH00098: pid file C:/xampp/apache/logs/httpd.pid overwritten -- Unclean shutdown of previous Apache run?
[Sat May 22 16:53:18.375845 2021] [ssl:warn] [pid 16372:tid 584] AH01909: www.example.com:443:0 server certificate does NOT include an ID which matches the server name
[Sat May 22 16:53:18.492784 2021] [mpm_winnt:notice] [pid 16372:tid 584] AH00455: Apache/2.4.46 (Win64) OpenSSL/1.1.1h PHP/8.0.2 configured -- resuming normal operations
[Sat May 22 16:53:18.492784 2021] [mpm_winnt:notice] [pid 16372:tid 584] AH00456: Apache Lounge VS16 Server built: Oct  2 2020 11:45:39
[Sat May 22 16:53:18.492784 2021] [core:notice] [pid 16372:tid 584] AH00094: Command line: 'c:\\xampp\\apache\\bin\\httpd.exe -d C:/xampp/apache'
[Sat May 22 16:53:18.496780 2021] [mpm_winnt:notice] [pid 16372:tid 584] AH00418: Parent: Created child process 10160
[Sat May 22 16:53:18.866102 2021] [ssl:warn] [pid 10160:tid 584] AH01909: www.example.com:443:0 server certificate does NOT include an ID which matches the server name
[Sat May 22 16:53:18.918571 2021] [ssl:warn] [pid 10160:tid 584] AH01909: www.example.com:443:0 server certificate does NOT include an ID which matches the server name
[Sat May 22 16:53:18.950196 2021] [mpm_winnt:notice] [pid 10160:tid 584] AH00354: Child: Starting 150 worker threads.
[Sat May 22 19:30:19.966678 2021] [mpm_winnt:crit] [pid 10160:tid 584] AH02538: Child: Parent process exited abruptly. Child process is ending
[Thu Jun 03 10:47:27.579877 2021] [ssl:warn] [pid 8:tid 576] AH01909: www.example.com:443:0 server certificate does NOT include an ID which matches the server name
[Thu Jun 03 10:47:27.633880 2021] [core:warn] [pid 8:tid 576] AH00098: pid file C:/xampp/apache/logs/httpd.pid overwritten -- Unclean shutdown of previous Apache run?
[Thu Jun 03 10:47:27.636882 2021] [ssl:warn] [pid 8:tid 576] AH01909: www.example.com:443:0 server certificate does NOT include an ID which matches the server name
[Thu Jun 03 10:47:27.995907 2021] [mpm_winnt:notice] [pid 8:tid 576] AH00455: Apache/2.4.46 (Win64) OpenSSL/1.1.1h PHP/8.0.2 configured -- resuming normal operations
[Thu Jun 03 10:47:27.995907 2021] [mpm_winnt:notice] [pid 8:tid 576] AH00456: Apache Lounge VS16 Server built: Oct  2 2020 11:45:39
[Thu Jun 03 10:47:27.995907 2021] [core:notice] [pid 8:tid 576] AH00094: Command line: 'c:\\xampp\\apache\\bin\\httpd.exe -d C:/xampp/apache'
[Thu Jun 03 10:47:27.999909 2021] [mpm_winnt:notice] [pid 8:tid 576] AH00418: Parent: Created child process 13704
[Thu Jun 03 10:47:28.442941 2021] [ssl:warn] [pid 13704:tid 600] AH01909: www.example.com:443:0 server certificate does NOT include an ID which matches the server name
[Thu Jun 03 10:47:28.490946 2021] [ssl:warn] [pid 13704:tid 600] AH01909: www.example.com:443:0 server certificate does NOT include an ID which matches the server name
[Thu Jun 03 10:47:28.518947 2021] [mpm_winnt:notice] [pid 13704:tid 600] AH00354: Child: Starting 150 worker threads.
[Mon Jun 07 21:22:48.911244 2021] [ssl:warn] [pid 6452:tid 552] AH01909: www.example.com:443:0 server certificate does NOT include an ID which matches the server name
[Mon Jun 07 21:22:48.964248 2021] [core:warn] [pid 6452:tid 552] AH00098: pid file C:/xampp/apache/logs/httpd.pid overwritten -- Unclean shutdown of previous Apache run?
[Mon Jun 07 21:22:48.967250 2021] [ssl:warn] [pid 6452:tid 552] AH01909: www.example.com:443:0 server certificate does NOT include an ID which matches the server name
[Mon Jun 07 21:22:49.451287 2021] [mpm_winnt:notice] [pid 6452:tid 552] AH00455: Apache/2.4.46 (Win64) OpenSSL/1.1.1h PHP/8.0.2 configured -- resuming normal operations
[Mon Jun 07 21:22:49.452286 2021] [mpm_winnt:notice] [pid 6452:tid 552] AH00456: Apache Lounge VS16 Server built: Oct  2 2020 11:45:39
[Mon Jun 07 21:22:49.452286 2021] [core:notice] [pid 6452:tid 552] AH00094: Command line: 'c:\\xampp\\apache\\bin\\httpd.exe -d C:/xampp/apache'
[Mon Jun 07 21:22:49.455285 2021] [mpm_winnt:notice] [pid 6452:tid 552] AH00418: Parent: Created child process 3372
[Mon Jun 07 21:22:49.939098 2021] [ssl:warn] [pid 3372:tid 576] AH01909: www.example.com:443:0 server certificate does NOT include an ID which matches the server name
[Mon Jun 07 21:22:49.986102 2021] [ssl:warn] [pid 3372:tid 576] AH01909: www.example.com:443:0 server certificate does NOT include an ID which matches the server name
[Mon Jun 07 21:22:50.015104 2021] [mpm_winnt:notice] [pid 3372:tid 576] AH00354: Child: Starting 150 worker threads.
